Logging hyperparameters...
env_id: pokemon_battle_env
replay_memory_size: 3000000
num_quant: 21
mini_batch_size: 32
network_sync_rate: 50
learning_rate_a: 0.0001
discount_factor_g: 0.85
train_freq: 4
steps: 1000000
epsilon_init: 1
epsilon_fraction: 0.2
epsilon_min: 0.01
randomize_enemy: False
log_freq: 20000
plot_freq: 40000
continue_training: False

06-20 14:09:36: Beginning new training session... 

Logged at 06-20 14:10:20
Step: 20000
Winrate: 0.59
Epsilon: 0.9011

Logged at 06-20 14:11:05
Step: 40000
Winrate: 0.59
Epsilon: 0.8021

Logged at 06-20 14:11:50
Step: 60000
Winrate: 0.59
Epsilon: 0.7031

Logged at 06-20 14:12:36
Step: 80000
Winrate: 0.59
Epsilon: 0.6041

Logged at 06-20 14:13:23
Step: 100000
Winrate: 0.60
Epsilon: 0.5051

Logged at 06-20 14:14:09
Step: 120000
Winrate: 0.62
Epsilon: 0.4061

Logged at 06-20 14:14:59
Step: 140000
Winrate: 0.64
Epsilon: 0.3071

Logged at 06-20 14:15:50
Step: 160000
Winrate: 0.66
Epsilon: 0.2081

Logged at 06-20 14:16:40
Step: 180000
Winrate: 0.67
Epsilon: 0.1091

Logged at 06-20 14:17:31
Step: 200000
Winrate: 0.69
Epsilon: 0.0101

Logged at 06-20 14:18:22
Step: 220000
Winrate: 0.70
Epsilon: 0.0100

Logged at 06-20 14:19:12
Step: 240000
Winrate: 0.72
Epsilon: 0.0100

Logged at 06-20 14:20:06
Step: 260000
Winrate: 0.73
Epsilon: 0.0100

Logged at 06-20 14:21:00
Step: 280000
Winrate: 0.73
Epsilon: 0.0100

Logged at 06-20 14:21:52
Step: 300000
Winrate: 0.74
Epsilon: 0.0100

Logged at 06-20 14:22:47
Step: 320000
Winrate: 0.75
Epsilon: 0.0100

Logged at 06-20 14:23:40
Step: 340000
Winrate: 0.75
Epsilon: 0.0100

Logged at 06-20 14:24:29
Step: 360000
Winrate: 0.76
Epsilon: 0.0100

Logged at 06-20 14:25:21
Step: 380000
Winrate: 0.76
Epsilon: 0.0100

Logged at 06-20 14:26:11
Step: 400000
Winrate: 0.77
Epsilon: 0.0100

Logged at 06-20 14:27:02
Step: 420000
Winrate: 0.77
Epsilon: 0.0100

Logged at 06-20 14:27:53
Step: 440000
Winrate: 0.77
Epsilon: 0.0100

Logged at 06-20 14:28:46
Step: 460000
Winrate: 0.78
Epsilon: 0.0100

Logged at 06-20 14:29:37
Step: 480000
Winrate: 0.78
Epsilon: 0.0100

Logged at 06-20 14:30:28
Step: 500000
Winrate: 0.78
Epsilon: 0.0100

Logged at 06-20 14:31:20
Step: 520000
Winrate: 0.78
Epsilon: 0.0100

Logged at 06-20 14:32:15
Step: 540000
Winrate: 0.79
Epsilon: 0.0100

Logged at 06-20 14:33:09
Step: 560000
Winrate: 0.79
Epsilon: 0.0100

Logged at 06-20 14:34:05
Step: 580000
Winrate: 0.79
Epsilon: 0.0100

Logged at 06-20 14:34:59
Step: 600000
Winrate: 0.79
Epsilon: 0.0100

Logged at 06-20 14:35:52
Step: 620000
Winrate: 0.80
Epsilon: 0.0100

Logged at 06-20 14:36:44
Step: 640000
Winrate: 0.80
Epsilon: 0.0100

Logged at 06-20 14:37:35
Step: 660000
Winrate: 0.80
Epsilon: 0.0100

Logged at 06-20 14:38:25
Step: 680000
Winrate: 0.80
Epsilon: 0.0100

Logged at 06-20 14:39:16
Step: 700000
Winrate: 0.80
Epsilon: 0.0100

Logged at 06-20 14:40:08
Step: 720000
Winrate: 0.80
Epsilon: 0.0100

Logged at 06-20 14:41:00
Step: 740000
Winrate: 0.80
Epsilon: 0.0100

Logged at 06-20 14:41:54
Step: 760000
Winrate: 0.81
Epsilon: 0.0100

Logged at 06-20 14:42:46
Step: 780000
Winrate: 0.81
Epsilon: 0.0100

Logged at 06-20 14:43:37
Step: 800000
Winrate: 0.81
Epsilon: 0.0100

Logged at 06-20 14:44:29
Step: 820000
Winrate: 0.81
Epsilon: 0.0100

Logged at 06-20 14:45:21
Step: 840000
Winrate: 0.81
Epsilon: 0.0100

Logged at 06-20 14:46:13
Step: 860000
Winrate: 0.81
Epsilon: 0.0100

Logged at 06-20 14:47:04
Step: 880000
Winrate: 0.81
Epsilon: 0.0100

Logged at 06-20 14:48:00
Step: 900000
Winrate: 0.81
Epsilon: 0.0100

Logged at 06-20 14:48:52
Step: 920000
Winrate: 0.81
Epsilon: 0.0100

Logged at 06-20 14:49:44
Step: 940000
Winrate: 0.82
Epsilon: 0.0100

Logged at 06-20 14:50:35
Step: 960000
Winrate: 0.82
Epsilon: 0.0100

Logged at 06-20 14:51:28
Step: 980000
Winrate: 0.82
Epsilon: 0.0100

