Logging hyperparameters...
env_id: pokemon_battle_env
n_step: 1
replay_memory_size: 5000000
mini_batch_size: 32
network_sync_rate: 50
learning_rate_a: 0.0001
discount_factor_g: 0.85
train_freq: 4
steps: 1000000
epsilon_init: 1
epsilon_fraction: 0.2
epsilon_min: 0.01
randomize_enemy: False
log_freq: 20000
continue_training: True

06-13 14:21:32: Beginning new training session... 

Logged at 06-13 14:22:32
Step: 20000
Winrate: 0.16
Epsilon: 0.9011

Logged at 06-13 14:23:29
Step: 40000
Winrate: 0.18
Epsilon: 0.8021

Logged at 06-13 14:24:26
Step: 60000
Winrate: 0.19
Epsilon: 0.7031

Logged at 06-13 14:25:25
Step: 80000
Winrate: 0.20
Epsilon: 0.6041

Logged at 06-13 14:26:26
Step: 100000
Winrate: 0.22
Epsilon: 0.5051

Logged at 06-13 14:27:26
Step: 120000
Winrate: 0.23
Epsilon: 0.4061

Logged at 06-13 14:28:27
Step: 140000
Winrate: 0.25
Epsilon: 0.3071

Logged at 06-13 14:29:28
Step: 160000
Winrate: 0.26
Epsilon: 0.2081

Logged at 06-13 14:30:29
Step: 180000
Winrate: 0.28
Epsilon: 0.1091

Logged at 06-13 14:31:31
Step: 200000
Winrate: 0.29
Epsilon: 0.0101

Logged at 06-13 14:32:32
Step: 220000
Winrate: 0.30
Epsilon: 0.0100

Logged at 06-13 14:33:34
Step: 240000
Winrate: 0.31
Epsilon: 0.0100

Logged at 06-13 14:34:38
Step: 260000
Winrate: 0.32
Epsilon: 0.0100

Logged at 06-13 14:35:39
Step: 280000
Winrate: 0.33
Epsilon: 0.0100

Logged at 06-13 14:36:41
Step: 300000
Winrate: 0.34
Epsilon: 0.0100

Logged at 06-13 14:37:44
Step: 320000
Winrate: 0.34
Epsilon: 0.0100

Logged at 06-13 14:38:47
Step: 340000
Winrate: 0.35
Epsilon: 0.0100

Logged at 06-13 14:39:51
Step: 360000
Winrate: 0.35
Epsilon: 0.0100

Logged at 06-13 14:40:55
Step: 380000
Winrate: 0.36
Epsilon: 0.0100

Logged at 06-13 14:41:56
Step: 400000
Winrate: 0.36
Epsilon: 0.0100

Logged at 06-13 14:42:59
Step: 420000
Winrate: 0.37
Epsilon: 0.0100

Logged at 06-13 14:44:01
Step: 440000
Winrate: 0.37
Epsilon: 0.0100

Logged at 06-13 14:45:04
Step: 460000
Winrate: 0.37
Epsilon: 0.0100

Logged at 06-13 14:46:06
Step: 480000
Winrate: 0.38
Epsilon: 0.0100

Logged at 06-13 14:47:09
Step: 500000
Winrate: 0.38
Epsilon: 0.0100

Logged at 06-13 14:48:12
Step: 520000
Winrate: 0.38
Epsilon: 0.0100

Logged at 06-13 14:49:16
Step: 540000
Winrate: 0.39
Epsilon: 0.0100

Logged at 06-13 14:50:22
Step: 560000
Winrate: 0.39
Epsilon: 0.0100

Logged at 06-13 14:51:25
Step: 580000
Winrate: 0.39
Epsilon: 0.0100

Logged at 06-13 14:52:30
Step: 600000
Winrate: 0.39
Epsilon: 0.0100

Logged at 06-13 14:53:34
Step: 620000
Winrate: 0.39
Epsilon: 0.0100

Logged at 06-13 14:54:40
Step: 640000
Winrate: 0.39
Epsilon: 0.0100

Logged at 06-13 14:55:44
Step: 660000
Winrate: 0.40
Epsilon: 0.0100

Logged at 06-13 14:56:49
Step: 680000
Winrate: 0.40
Epsilon: 0.0100

Logged at 06-13 14:57:52
Step: 700000
Winrate: 0.40
Epsilon: 0.0100

Logged at 06-13 14:58:56
Step: 720000
Winrate: 0.40
Epsilon: 0.0100

Logged at 06-13 15:00:02
Step: 740000
Winrate: 0.40
Epsilon: 0.0100

Logged at 06-13 15:01:06
Step: 760000
Winrate: 0.40
Epsilon: 0.0100

Logged at 06-13 15:02:10
Step: 780000
Winrate: 0.41
Epsilon: 0.0100

Logged at 06-13 15:03:15
Step: 800000
Winrate: 0.41
Epsilon: 0.0100

Logged at 06-13 15:04:20
Step: 820000
Winrate: 0.41
Epsilon: 0.0100

Logged at 06-13 15:05:24
Step: 840000
Winrate: 0.41
Epsilon: 0.0100

Logged at 06-13 15:06:29
Step: 860000
Winrate: 0.41
Epsilon: 0.0100

Logged at 06-13 15:07:36
Step: 880000
Winrate: 0.41
Epsilon: 0.0100

Logged at 06-13 15:08:41
Step: 900000
Winrate: 0.41
Epsilon: 0.0100

Logged at 06-13 15:09:46
Step: 920000
Winrate: 0.41
Epsilon: 0.0100

Logged at 06-13 15:10:51
Step: 940000
Winrate: 0.42
Epsilon: 0.0100

Logged at 06-13 15:11:56
Step: 960000
Winrate: 0.42
Epsilon: 0.0100

Logged at 06-13 15:13:01
Step: 980000
Winrate: 0.42
Epsilon: 0.0100

