Logging hyperparameters...
env_id: pokemon_battle_env
replay_memory_size: 3000000
num_quant: 51
mini_batch_size: 32
network_sync_rate: 50
learning_rate_a: 0.0001
discount_factor_g: 0.85
train_freq: 4
steps: 1000000
epsilon_init: 1
epsilon_fraction: 0.2
epsilon_min: 0.01
randomize_enemy: False
log_freq: 20000
plot_freq: 40000
continue_training: False

06-20 19:28:46: Beginning new training session... 

Logged at 06-20 19:30:33
Step: 20000
Winrate: 0.58
Epsilon: 0.9011

Logged at 06-20 19:32:21
Step: 40000
Winrate: 0.59
Epsilon: 0.8021

Logged at 06-20 19:34:07
Step: 60000
Winrate: 0.58
Epsilon: 0.7031

Logged at 06-20 19:35:54
Step: 80000
Winrate: 0.59
Epsilon: 0.6041

Logged at 06-20 19:37:38
Step: 100000
Winrate: 0.60
Epsilon: 0.5051

Logged at 06-20 19:39:24
Step: 120000
Winrate: 0.61
Epsilon: 0.4061

Logged at 06-20 19:41:13
Step: 140000
Winrate: 0.63
Epsilon: 0.3071

Logged at 06-20 19:43:03
Step: 160000
Winrate: 0.65
Epsilon: 0.2081

Logged at 06-20 19:44:54
Step: 180000
Winrate: 0.67
Epsilon: 0.1091

Logged at 06-20 19:46:47
Step: 200000
Winrate: 0.69
Epsilon: 0.0101

Logged at 06-20 19:48:42
Step: 220000
Winrate: 0.70
Epsilon: 0.0100

Logged at 06-20 19:50:36
Step: 240000
Winrate: 0.71
Epsilon: 0.0100

Logged at 06-20 19:52:31
Step: 260000
Winrate: 0.72
Epsilon: 0.0100

Logged at 06-20 19:54:25
Step: 280000
Winrate: 0.73
Epsilon: 0.0100

Logged at 06-20 19:56:17
Step: 300000
Winrate: 0.74
Epsilon: 0.0100

Logged at 06-20 19:58:07
Step: 320000
Winrate: 0.75
Epsilon: 0.0100

Logged at 06-20 19:59:56
Step: 340000
Winrate: 0.75
Epsilon: 0.0100

Logged at 06-20 20:01:46
Step: 360000
Winrate: 0.76
Epsilon: 0.0100

Logged at 06-20 20:03:38
Step: 380000
Winrate: 0.76
Epsilon: 0.0100

Logged at 06-20 20:05:29
Step: 400000
Winrate: 0.77
Epsilon: 0.0100

Logged at 06-20 20:07:18
Step: 420000
Winrate: 0.77
Epsilon: 0.0100

Logged at 06-20 20:09:06
Step: 440000
Winrate: 0.77
Epsilon: 0.0100

Logged at 06-20 20:10:55
Step: 460000
Winrate: 0.78
Epsilon: 0.0100

Logged at 06-20 20:12:45
Step: 480000
Winrate: 0.78
Epsilon: 0.0100

Logged at 06-20 20:14:35
Step: 500000
Winrate: 0.78
Epsilon: 0.0100

Logged at 06-20 20:16:23
Step: 520000
Winrate: 0.79
Epsilon: 0.0100

Logged at 06-20 20:18:14
Step: 540000
Winrate: 0.79
Epsilon: 0.0100

Logged at 06-20 20:20:06
Step: 560000
Winrate: 0.79
Epsilon: 0.0100

Logged at 06-20 20:21:56
Step: 580000
Winrate: 0.79
Epsilon: 0.0100

Logged at 06-20 20:23:45
Step: 600000
Winrate: 0.79
Epsilon: 0.0100

Logged at 06-20 20:25:37
Step: 620000
Winrate: 0.80
Epsilon: 0.0100

Logged at 06-20 20:27:27
Step: 640000
Winrate: 0.80
Epsilon: 0.0100

Logged at 06-20 20:29:16
Step: 660000
Winrate: 0.80
Epsilon: 0.0100

Logged at 06-20 20:31:03
Step: 680000
Winrate: 0.80
Epsilon: 0.0100

Logged at 06-20 20:32:51
Step: 700000
Winrate: 0.80
Epsilon: 0.0100

Logged at 06-20 20:34:38
Step: 720000
Winrate: 0.81
Epsilon: 0.0100

Logged at 06-20 20:36:25
Step: 740000
Winrate: 0.81
Epsilon: 0.0100

Logged at 06-20 20:38:14
Step: 760000
Winrate: 0.81
Epsilon: 0.0100

Logged at 06-20 20:40:02
Step: 780000
Winrate: 0.81
Epsilon: 0.0100

Logged at 06-20 20:41:53
Step: 800000
Winrate: 0.81
Epsilon: 0.0100

Logged at 06-20 20:43:43
Step: 820000
Winrate: 0.81
Epsilon: 0.0100

Logged at 06-20 20:45:32
Step: 840000
Winrate: 0.81
Epsilon: 0.0100

Logged at 06-20 20:47:21
Step: 860000
Winrate: 0.81
Epsilon: 0.0100

Logged at 06-20 20:49:10
Step: 880000
Winrate: 0.81
Epsilon: 0.0100

Logged at 06-20 20:51:00
Step: 900000
Winrate: 0.81
Epsilon: 0.0100

Logged at 06-20 20:52:47
Step: 920000
Winrate: 0.82
Epsilon: 0.0100

Logged at 06-20 20:54:35
Step: 940000
Winrate: 0.82
Epsilon: 0.0100

Logged at 06-20 20:56:24
Step: 960000
Winrate: 0.82
Epsilon: 0.0100

Logged at 06-20 20:58:13
Step: 980000
Winrate: 0.82
Epsilon: 0.0100

