Logging hyperparameters...
env_id: pokemon_battle_env
replay_memory_size: 100000
mini_batch_size: 32
network_sync_rate: 2500
learning_rate_a: 0.0001
discount_factor_g: 0.99
train_freq: 4
steps: 1000000
epsilon_init: 1
epsilon_fraction: 0.2
epsilon_min: 0.01
randomize_enemy: False
log_freq: 20000
should_log: True
plot_freq: 5000
should_plot: True
continue_training: False

06-09 11:18:01: Beginning new training session... 

Logged at 06-09 11:18:45
Step: 20000
Winrate: 0.58
Epsilon: 0.9012

Logged at 06-09 11:19:26
Step: 40000
Winrate: 0.58
Epsilon: 0.8022

Logged at 06-09 11:20:07
Step: 60000
Winrate: 0.59
Epsilon: 0.7032

Logged at 06-09 11:20:50
Step: 80000
Winrate: 0.58
Epsilon: 0.6042

Logged at 06-09 11:21:32
Step: 100000
Winrate: 0.58
Epsilon: 0.5052

Logged at 06-09 11:22:15
Step: 120000
Winrate: 0.59
Epsilon: 0.4062

Logged at 06-09 11:22:58
Step: 140000
Winrate: 0.60
Epsilon: 0.3072

Logged at 06-09 11:23:41
Step: 160000
Winrate: 0.60
Epsilon: 0.2082

Logged at 06-09 11:24:24
Step: 180000
Winrate: 0.61
Epsilon: 0.1092

Logged at 06-09 11:25:08
Step: 200000
Winrate: 0.62
Epsilon: 0.0102

Logged at 06-09 11:25:51
Step: 220000
Winrate: 0.63
Epsilon: 0.0100

Logged at 06-09 11:26:35
Step: 240000
Winrate: 0.64
Epsilon: 0.0100

Logged at 06-09 11:27:19
Step: 260000
Winrate: 0.65
Epsilon: 0.0100

Logged at 06-09 11:28:03
Step: 280000
Winrate: 0.66
Epsilon: 0.0100

Logged at 06-09 11:28:47
Step: 300000
Winrate: 0.67
Epsilon: 0.0100

Logged at 06-09 11:29:31
Step: 320000
Winrate: 0.68
Epsilon: 0.0100

Logged at 06-09 11:30:14
Step: 340000
Winrate: 0.69
Epsilon: 0.0100

Logged at 06-09 11:30:58
Step: 360000
Winrate: 0.69
Epsilon: 0.0100

Logged at 06-09 11:31:42
Step: 380000
Winrate: 0.70
Epsilon: 0.0100

Logged at 06-09 11:32:27
Step: 400000
Winrate: 0.70
Epsilon: 0.0100

Logged at 06-09 11:33:11
Step: 420000
Winrate: 0.71
Epsilon: 0.0100

Logged at 06-09 11:33:55
Step: 440000
Winrate: 0.71
Epsilon: 0.0100

Logged at 06-09 11:34:39
Step: 460000
Winrate: 0.72
Epsilon: 0.0100

Logged at 06-09 11:35:24
Step: 480000
Winrate: 0.72
Epsilon: 0.0100

Logged at 06-09 11:36:09
Step: 500000
Winrate: 0.72
Epsilon: 0.0100

Logged at 06-09 11:36:53
Step: 520000
Winrate: 0.73
Epsilon: 0.0100

Logged at 06-09 11:37:37
Step: 540000
Winrate: 0.73
Epsilon: 0.0100

Logged at 06-09 11:38:22
Step: 560000
Winrate: 0.73
Epsilon: 0.0100

Logged at 06-09 11:39:05
Step: 580000
Winrate: 0.73
Epsilon: 0.0100

Logged at 06-09 11:39:50
Step: 600000
Winrate: 0.74
Epsilon: 0.0100

Logged at 06-09 11:40:34
Step: 620000
Winrate: 0.74
Epsilon: 0.0100

Logged at 06-09 11:41:19
Step: 640000
Winrate: 0.74
Epsilon: 0.0100

Logged at 06-09 11:42:04
Step: 660000
Winrate: 0.74
Epsilon: 0.0100

Logged at 06-09 11:42:48
Step: 680000
Winrate: 0.75
Epsilon: 0.0100

Logged at 06-09 11:43:32
Step: 700000
Winrate: 0.75
Epsilon: 0.0100

Logged at 06-09 11:44:17
Step: 720000
Winrate: 0.75
Epsilon: 0.0100

Logged at 06-09 11:45:03
Step: 740000
Winrate: 0.75
Epsilon: 0.0100

Logged at 06-09 11:45:48
Step: 760000
Winrate: 0.75
Epsilon: 0.0100

Logged at 06-09 11:46:33
Step: 780000
Winrate: 0.75
Epsilon: 0.0100

Logged at 06-09 11:47:18
Step: 800000
Winrate: 0.76
Epsilon: 0.0100

Logged at 06-09 11:48:04
Step: 820000
Winrate: 0.76
Epsilon: 0.0100

Logged at 06-09 11:48:50
Step: 840000
Winrate: 0.76
Epsilon: 0.0100

Logged at 06-09 11:49:34
Step: 860000
Winrate: 0.76
Epsilon: 0.0100

Logged at 06-09 11:50:20
Step: 880000
Winrate: 0.76
Epsilon: 0.0100

Logged at 06-09 11:51:05
Step: 900000
Winrate: 0.76
Epsilon: 0.0100

Logged at 06-09 11:51:50
Step: 920000
Winrate: 0.76
Epsilon: 0.0100

Logged at 06-09 11:52:35
Step: 940000
Winrate: 0.76
Epsilon: 0.0100

Logged at 06-09 11:53:20
Step: 960000
Winrate: 0.76
Epsilon: 0.0100

Logged at 06-09 11:54:05
Step: 980000
Winrate: 0.76
Epsilon: 0.0100

