Logging hyperparameters...
env_id: pokemon_battle_env
replay_memory_size: 100000
mini_batch_size: 32
network_sync_rate: 2500
learning_rate_a: 0.0001
discount_factor_g: 0.99
train_freq: 4
steps: 2000000
epsilon_init: 1
epsilon_fraction: 0.2
epsilon_min: 0.01
randomize_enemy: False
log_freq: 20000
should_log: True
plot_freq: 20000
should_plot: True
continue_training: True

06-09 14:00:06: Beginning new training session... 

Logged at 06-09 14:01:03
Step: 20000
Winrate: 0.16
Epsilon: 0.9506

Logged at 06-09 14:02:01
Step: 40000
Winrate: 0.17
Epsilon: 0.9011

Logged at 06-09 14:02:59
Step: 60000
Winrate: 0.18
Epsilon: 0.8516

Logged at 06-09 14:03:58
Step: 80000
Winrate: 0.18
Epsilon: 0.8021

Logged at 06-09 14:04:57
Step: 100000
Winrate: 0.19
Epsilon: 0.7526

Logged at 06-09 14:05:55
Step: 120000
Winrate: 0.19
Epsilon: 0.7031

Logged at 06-09 14:06:54
Step: 140000
Winrate: 0.20
Epsilon: 0.6536

Logged at 06-09 14:07:53
Step: 160000
Winrate: 0.21
Epsilon: 0.6041

Logged at 06-09 14:08:53
Step: 180000
Winrate: 0.22
Epsilon: 0.5546

Logged at 06-09 14:09:53
Step: 200000
Winrate: 0.22
Epsilon: 0.5051

Logged at 06-09 14:10:54
Step: 220000
Winrate: 0.23
Epsilon: 0.4556

Logged at 06-09 14:11:54
Step: 240000
Winrate: 0.24
Epsilon: 0.4061

Logged at 06-09 14:12:54
Step: 260000
Winrate: 0.25
Epsilon: 0.3566

Logged at 06-09 14:13:56
Step: 280000
Winrate: 0.25
Epsilon: 0.3071

Logged at 06-09 14:14:58
Step: 300000
Winrate: 0.26
Epsilon: 0.2576

Logged at 06-09 14:16:01
Step: 320000
Winrate: 0.27
Epsilon: 0.2081

Logged at 06-09 14:17:03
Step: 340000
Winrate: 0.28
Epsilon: 0.1586

Logged at 06-09 14:18:08
Step: 360000
Winrate: 0.28
Epsilon: 0.1091

Logged at 06-09 14:19:12
Step: 380000
Winrate: 0.29
Epsilon: 0.0596

Logged at 06-09 14:20:16
Step: 400000
Winrate: 0.30
Epsilon: 0.0101

Logged at 06-09 14:21:20
Step: 420000
Winrate: 0.31
Epsilon: 0.0100

Logged at 06-09 14:22:24
Step: 440000
Winrate: 0.31
Epsilon: 0.0100

Logged at 06-09 14:23:27
Step: 460000
Winrate: 0.32
Epsilon: 0.0100

Logged at 06-09 14:24:30
Step: 480000
Winrate: 0.33
Epsilon: 0.0100

Logged at 06-09 14:25:32
Step: 500000
Winrate: 0.33
Epsilon: 0.0100

Logged at 06-09 14:26:35
Step: 520000
Winrate: 0.34
Epsilon: 0.0100

Logged at 06-09 14:27:40
Step: 540000
Winrate: 0.34
Epsilon: 0.0100

Logged at 06-09 14:28:45
Step: 560000
Winrate: 0.35
Epsilon: 0.0100

Logged at 06-09 14:29:50
Step: 580000
Winrate: 0.35
Epsilon: 0.0100

Logged at 06-09 14:30:55
Step: 600000
Winrate: 0.35
Epsilon: 0.0100

Logged at 06-09 14:31:59
Step: 620000
Winrate: 0.36
Epsilon: 0.0100

Logged at 06-09 14:33:03
Step: 640000
Winrate: 0.36
Epsilon: 0.0100

Logged at 06-09 14:34:09
Step: 660000
Winrate: 0.36
Epsilon: 0.0100

Logged at 06-09 14:35:14
Step: 680000
Winrate: 0.37
Epsilon: 0.0100

Logged at 06-09 14:36:19
Step: 700000
Winrate: 0.37
Epsilon: 0.0100

Logged at 06-09 14:37:25
Step: 720000
Winrate: 0.37
Epsilon: 0.0100

Logged at 06-09 14:38:29
Step: 740000
Winrate: 0.37
Epsilon: 0.0100

Logged at 06-09 14:39:32
Step: 760000
Winrate: 0.38
Epsilon: 0.0100

Logged at 06-09 14:40:39
Step: 780000
Winrate: 0.38
Epsilon: 0.0100

Logged at 06-09 14:41:44
Step: 800000
Winrate: 0.38
Epsilon: 0.0100

Logged at 06-09 14:42:49
Step: 820000
Winrate: 0.38
Epsilon: 0.0100

Logged at 06-09 14:43:55
Step: 840000
Winrate: 0.38
Epsilon: 0.0100

Logged at 06-09 14:45:00
Step: 860000
Winrate: 0.38
Epsilon: 0.0100

Logged at 06-09 14:46:07
Step: 880000
Winrate: 0.39
Epsilon: 0.0100

Logged at 06-09 14:47:13
Step: 900000
Winrate: 0.39
Epsilon: 0.0100

Logged at 06-09 14:48:20
Step: 920000
Winrate: 0.39
Epsilon: 0.0100

Logged at 06-09 14:49:26
Step: 940000
Winrate: 0.39
Epsilon: 0.0100

Logged at 06-09 14:50:33
Step: 960000
Winrate: 0.39
Epsilon: 0.0100

Logged at 06-09 14:51:39
Step: 980000
Winrate: 0.39
Epsilon: 0.0100

Logged at 06-09 14:52:45
Step: 1000000
Winrate: 0.39
Epsilon: 0.0100

Logged at 06-09 14:53:51
Step: 1020000
Winrate: 0.39
Epsilon: 0.0100

Logged at 06-09 14:54:56
Step: 1040000
Winrate: 0.40
Epsilon: 0.0100

Logged at 06-09 14:56:01
Step: 1060000
Winrate: 0.40
Epsilon: 0.0100

Logged at 06-09 14:57:06
Step: 1080000
Winrate: 0.40
Epsilon: 0.0100

Logged at 06-09 14:58:11
Step: 1100000
Winrate: 0.40
Epsilon: 0.0100

Logged at 06-09 14:59:17
Step: 1120000
Winrate: 0.40
Epsilon: 0.0100

Logged at 06-09 15:00:23
Step: 1140000
Winrate: 0.40
Epsilon: 0.0100

Logged at 06-09 15:01:30
Step: 1160000
Winrate: 0.40
Epsilon: 0.0100

Logged at 06-09 15:02:36
Step: 1180000
Winrate: 0.40
Epsilon: 0.0100

Logged at 06-09 15:03:44
Step: 1200000
Winrate: 0.40
Epsilon: 0.0100

Logged at 06-09 15:04:51
Step: 1220000
Winrate: 0.41
Epsilon: 0.0100

Logged at 06-09 15:05:58
Step: 1240000
Winrate: 0.41
Epsilon: 0.0100

Logged at 06-09 15:07:05
Step: 1260000
Winrate: 0.41
Epsilon: 0.0100

Logged at 06-09 15:08:13
Step: 1280000
Winrate: 0.41
Epsilon: 0.0100

Logged at 06-09 15:09:21
Step: 1300000
Winrate: 0.41
Epsilon: 0.0100

Logged at 06-09 15:10:28
Step: 1320000
Winrate: 0.41
Epsilon: 0.0100

Logged at 06-09 15:11:34
Step: 1340000
Winrate: 0.41
Epsilon: 0.0100

Logged at 06-09 15:12:39
Step: 1360000
Winrate: 0.41
Epsilon: 0.0100

Logged at 06-09 15:13:48
Step: 1380000
Winrate: 0.41
Epsilon: 0.0100

Logged at 06-09 15:14:56
Step: 1400000
Winrate: 0.41
Epsilon: 0.0100

Logged at 06-09 15:16:04
Step: 1420000
Winrate: 0.41
Epsilon: 0.0100

Logged at 06-09 15:17:12
Step: 1440000
Winrate: 0.41
Epsilon: 0.0100

Logged at 06-09 15:18:21
Step: 1460000
Winrate: 0.41
Epsilon: 0.0100

Logged at 06-09 15:19:29
Step: 1480000
Winrate: 0.42
Epsilon: 0.0100

Logged at 06-09 15:20:36
Step: 1500000
Winrate: 0.42
Epsilon: 0.0100

Logged at 06-09 15:21:41
Step: 1520000
Winrate: 0.42
Epsilon: 0.0100

Logged at 06-09 15:22:48
Step: 1540000
Winrate: 0.42
Epsilon: 0.0100

Logged at 06-09 15:23:54
Step: 1560000
Winrate: 0.42
Epsilon: 0.0100

Logged at 06-09 15:25:00
Step: 1580000
Winrate: 0.42
Epsilon: 0.0100

Logged at 06-09 15:26:07
Step: 1600000
Winrate: 0.42
Epsilon: 0.0100

Logged at 06-09 15:27:16
Step: 1620000
Winrate: 0.42
Epsilon: 0.0100

Logged at 06-09 15:28:23
Step: 1640000
Winrate: 0.42
Epsilon: 0.0100

Logged at 06-09 15:29:31
Step: 1660000
Winrate: 0.42
Epsilon: 0.0100

Logged at 06-09 15:30:40
Step: 1680000
Winrate: 0.42
Epsilon: 0.0100

Logged at 06-09 15:31:49
Step: 1700000
Winrate: 0.42
Epsilon: 0.0100

Logged at 06-09 15:32:56
Step: 1720000
Winrate: 0.42
Epsilon: 0.0100

Logged at 06-09 15:34:03
Step: 1740000
Winrate: 0.42
Epsilon: 0.0100

Logged at 06-09 15:35:12
Step: 1760000
Winrate: 0.42
Epsilon: 0.0100

Logged at 06-09 15:36:21
Step: 1780000
Winrate: 0.42
Epsilon: 0.0100

Logged at 06-09 15:37:32
Step: 1800000
Winrate: 0.43
Epsilon: 0.0100

Logged at 06-09 15:38:41
Step: 1820000
Winrate: 0.43
Epsilon: 0.0100

Logged at 06-09 15:39:51
Step: 1840000
Winrate: 0.43
Epsilon: 0.0100

Logged at 06-09 15:41:00
Step: 1860000
Winrate: 0.43
Epsilon: 0.0100

Logged at 06-09 15:42:11
Step: 1880000
Winrate: 0.43
Epsilon: 0.0100

Logged at 06-09 15:43:20
Step: 1900000
Winrate: 0.43
Epsilon: 0.0100

Logged at 06-09 15:44:29
Step: 1920000
Winrate: 0.43
Epsilon: 0.0100

Logged at 06-09 15:45:39
Step: 1940000
Winrate: 0.43
Epsilon: 0.0100

Logged at 06-09 15:46:50
Step: 1960000
Winrate: 0.43
Epsilon: 0.0100

Logged at 06-09 15:48:00
Step: 1980000
Winrate: 0.43
Epsilon: 0.0100

