Logging hyperparameters...
env_id: pokemon_battle_env
replay_memory_size: 100000
mini_batch_size: 32
network_sync_rate: 8000
learning_rate_a: 0.0001
discount_factor_g: 0.99
train_freq: 4
steps: 1000000
epsilon_init: 1
epsilon_fraction: 0.8
epsilon_min: 0.01
randomize_enemy: False
log_freq: 10000
should_log: True
plot_freq: 3000
should_plot: True
continue_training: False

06-08 21:36:10: Beginning new training session... 

Logged at 06-08 21:36:29
Step: 10000
Winrate: 0.57
Epsilon: 0.9876

Logged at 06-08 21:36:47
Step: 20000
Winrate: 0.59
Epsilon: 0.9752

Logged at 06-08 21:37:05
Step: 30000
Winrate: 0.59
Epsilon: 0.9629

Logged at 06-08 21:37:24
Step: 40000
Winrate: 0.59
Epsilon: 0.9505

Logged at 06-08 21:37:43
Step: 50000
Winrate: 0.59
Epsilon: 0.9381

Logged at 06-08 21:38:02
Step: 60000
Winrate: 0.59
Epsilon: 0.9257

Logged at 06-08 21:38:20
Step: 70000
Winrate: 0.60
Epsilon: 0.9134

Logged at 06-08 21:38:38
Step: 80000
Winrate: 0.60
Epsilon: 0.9010

Logged at 06-08 21:38:57
Step: 90000
Winrate: 0.60
Epsilon: 0.8886

Logged at 06-08 21:39:16
Step: 100000
Winrate: 0.60
Epsilon: 0.8762

Logged at 06-08 21:39:35
Step: 110000
Winrate: 0.60
Epsilon: 0.8639

Logged at 06-08 21:39:54
Step: 120000
Winrate: 0.60
Epsilon: 0.8515

Logged at 06-08 21:40:13
Step: 130000
Winrate: 0.60
Epsilon: 0.8391

Logged at 06-08 21:40:32
Step: 140000
Winrate: 0.60
Epsilon: 0.8267

Logged at 06-08 21:40:52
Step: 150000
Winrate: 0.60
Epsilon: 0.8144

Logged at 06-08 21:41:12
Step: 160000
Winrate: 0.60
Epsilon: 0.8020

Logged at 06-08 21:41:31
Step: 170000
Winrate: 0.60
Epsilon: 0.7896

Logged at 06-08 21:41:51
Step: 180000
Winrate: 0.60
Epsilon: 0.7772

Logged at 06-08 21:42:10
Step: 190000
Winrate: 0.60
Epsilon: 0.7649

Logged at 06-08 21:42:29
Step: 200000
Winrate: 0.60
Epsilon: 0.7525

Logged at 06-08 21:42:48
Step: 210000
Winrate: 0.60
Epsilon: 0.7401

Logged at 06-08 21:43:08
Step: 220000
Winrate: 0.60
Epsilon: 0.7277

Logged at 06-08 21:43:27
Step: 230000
Winrate: 0.60
Epsilon: 0.7154

Logged at 06-08 21:43:46
Step: 240000
Winrate: 0.60
Epsilon: 0.7030

Logged at 06-08 21:44:06
Step: 250000
Winrate: 0.60
Epsilon: 0.6906

Logged at 06-08 21:44:25
Step: 260000
Winrate: 0.60
Epsilon: 0.6782

Logged at 06-08 21:44:44
Step: 270000
Winrate: 0.61
Epsilon: 0.6659

Logged at 06-08 21:45:03
Step: 280000
Winrate: 0.61
Epsilon: 0.6535

Logged at 06-08 21:45:23
Step: 290000
Winrate: 0.61
Epsilon: 0.6411

Logged at 06-08 21:45:43
Step: 300000
Winrate: 0.61
Epsilon: 0.6287

Logged at 06-08 21:46:02
Step: 310000
Winrate: 0.61
Epsilon: 0.6164

Logged at 06-08 21:46:22
Step: 320000
Winrate: 0.62
Epsilon: 0.6040

Logged at 06-08 21:46:42
Step: 330000
Winrate: 0.62
Epsilon: 0.5916

Logged at 06-08 21:47:01
Step: 340000
Winrate: 0.62
Epsilon: 0.5792

Logged at 06-08 21:47:21
Step: 350000
Winrate: 0.62
Epsilon: 0.5669

Logged at 06-08 21:47:41
Step: 360000
Winrate: 0.62
Epsilon: 0.5545

Logged at 06-08 21:48:01
Step: 370000
Winrate: 0.63
Epsilon: 0.5421

Logged at 06-08 21:48:20
Step: 380000
Winrate: 0.63
Epsilon: 0.5297

Logged at 06-08 21:48:41
Step: 390000
Winrate: 0.63
Epsilon: 0.5174

Logged at 06-08 21:49:00
Step: 400000
Winrate: 0.63
Epsilon: 0.5050

Logged at 06-08 21:49:20
Step: 410000
Winrate: 0.63
Epsilon: 0.4926

Logged at 06-08 21:49:40
Step: 420000
Winrate: 0.64
Epsilon: 0.4802

Logged at 06-08 21:50:00
Step: 430000
Winrate: 0.64
Epsilon: 0.4679

Logged at 06-08 21:50:20
Step: 440000
Winrate: 0.64
Epsilon: 0.4555

Logged at 06-08 21:50:41
Step: 450000
Winrate: 0.64
Epsilon: 0.4431

Logged at 06-08 21:51:01
Step: 460000
Winrate: 0.64
Epsilon: 0.4307

Logged at 06-08 21:51:21
Step: 470000
Winrate: 0.65
Epsilon: 0.4184

Logged at 06-08 21:51:41
Step: 480000
Winrate: 0.65
Epsilon: 0.4060

Logged at 06-08 21:52:01
Step: 490000
Winrate: 0.65
Epsilon: 0.3936

Logged at 06-08 21:52:22
Step: 500000
Winrate: 0.65
Epsilon: 0.3812

Logged at 06-08 21:52:41
Step: 510000
Winrate: 0.65
Epsilon: 0.3689

Logged at 06-08 21:53:02
Step: 520000
Winrate: 0.66
Epsilon: 0.3565

Logged at 06-08 21:53:22
Step: 530000
Winrate: 0.66
Epsilon: 0.3441

Logged at 06-08 21:53:43
Step: 540000
Winrate: 0.66
Epsilon: 0.3317

Logged at 06-08 21:54:04
Step: 550000
Winrate: 0.66
Epsilon: 0.3194

Logged at 06-08 21:54:25
Step: 560000
Winrate: 0.66
Epsilon: 0.3070

Logged at 06-08 21:54:45
Step: 570000
Winrate: 0.67
Epsilon: 0.2946

Logged at 06-08 21:55:06
Step: 580000
Winrate: 0.67
Epsilon: 0.2822

Logged at 06-08 21:55:26
Step: 590000
Winrate: 0.67
Epsilon: 0.2699

Logged at 06-08 21:55:47
Step: 600000
Winrate: 0.67
Epsilon: 0.2575

Logged at 06-08 21:56:08
Step: 610000
Winrate: 0.67
Epsilon: 0.2451

Logged at 06-08 21:56:28
Step: 620000
Winrate: 0.67
Epsilon: 0.2327

Logged at 06-08 21:56:49
Step: 630000
Winrate: 0.68
Epsilon: 0.2204

Logged at 06-08 21:57:10
Step: 640000
Winrate: 0.68
Epsilon: 0.2080

Logged at 06-08 21:57:31
Step: 650000
Winrate: 0.68
Epsilon: 0.1956

Logged at 06-08 21:57:52
Step: 660000
Winrate: 0.68
Epsilon: 0.1832

Logged at 06-08 21:58:13
Step: 670000
Winrate: 0.68
Epsilon: 0.1709

Logged at 06-08 21:58:34
Step: 680000
Winrate: 0.68
Epsilon: 0.1585

Logged at 06-08 21:58:55
Step: 690000
Winrate: 0.69
Epsilon: 0.1461

Logged at 06-08 21:59:17
Step: 700000
Winrate: 0.69
Epsilon: 0.1337

Logged at 06-08 21:59:38
Step: 710000
Winrate: 0.69
Epsilon: 0.1214

Logged at 06-08 21:59:59
Step: 720000
Winrate: 0.69
Epsilon: 0.1090

Logged at 06-08 22:00:20
Step: 730000
Winrate: 0.69
Epsilon: 0.0966

Logged at 06-08 22:00:42
Step: 740000
Winrate: 0.69
Epsilon: 0.0842

Logged at 06-08 22:01:03
Step: 750000
Winrate: 0.69
Epsilon: 0.0719

Logged at 06-08 22:01:25
Step: 760000
Winrate: 0.70
Epsilon: 0.0595

Logged at 06-08 22:01:47
Step: 770000
Winrate: 0.70
Epsilon: 0.0471

Logged at 06-08 22:02:09
Step: 780000
Winrate: 0.70
Epsilon: 0.0347

Logged at 06-08 22:02:30
Step: 790000
Winrate: 0.70
Epsilon: 0.0224

Logged at 06-08 22:02:52
Step: 800000
Winrate: 0.70
Epsilon: 0.0100

Logged at 06-08 22:03:14
Step: 810000
Winrate: 0.70
Epsilon: 0.0100

Logged at 06-08 22:03:36
Step: 820000
Winrate: 0.70
Epsilon: 0.0100

Logged at 06-08 22:03:57
Step: 830000
Winrate: 0.70
Epsilon: 0.0100

Logged at 06-08 22:04:19
Step: 840000
Winrate: 0.71
Epsilon: 0.0100

Logged at 06-08 22:04:41
Step: 850000
Winrate: 0.71
Epsilon: 0.0100

Logged at 06-08 22:05:02
Step: 860000
Winrate: 0.71
Epsilon: 0.0100

Logged at 06-08 22:05:24
Step: 870000
Winrate: 0.71
Epsilon: 0.0100

Logged at 06-08 22:05:46
Step: 880000
Winrate: 0.71
Epsilon: 0.0100

Logged at 06-08 22:06:07
Step: 890000
Winrate: 0.71
Epsilon: 0.0100

Logged at 06-08 22:06:29
Step: 900000
Winrate: 0.71
Epsilon: 0.0100

Logged at 06-08 22:06:51
Step: 910000
Winrate: 0.71
Epsilon: 0.0100

Logged at 06-08 22:07:12
Step: 920000
Winrate: 0.71
Epsilon: 0.0100

Logged at 06-08 22:07:34
Step: 930000
Winrate: 0.71
Epsilon: 0.0100

Logged at 06-08 22:07:56
Step: 940000
Winrate: 0.71
Epsilon: 0.0100

Logged at 06-08 22:08:18
Step: 950000
Winrate: 0.71
Epsilon: 0.0100

Logged at 06-08 22:08:39
Step: 960000
Winrate: 0.72
Epsilon: 0.0100

Logged at 06-08 22:09:02
Step: 970000
Winrate: 0.72
Epsilon: 0.0100

Logged at 06-08 22:09:23
Step: 980000
Winrate: 0.72
Epsilon: 0.0100

Logged at 06-08 22:09:45
Step: 990000
Winrate: 0.72
Epsilon: 0.0100

