Logging hyperparameters...
env_id: pokemon_battle_env
replay_memory_size: 100000
mini_batch_size: 32
network_sync_rate: 8000
learning_rate_a: 0.0001
discount_factor_g: 0.99
train_freq: 4
steps: 2000000
epsilon_init: 0.8
epsilon_fraction: 0.2
epsilon_min: 0.01
randomize_enemy: False
log_freq: 80000
should_log: True
plot_freq: 5000
should_plot: True
continue_training: True

06-08 23:06:07: Beginning new training session... 

Logged at 06-08 23:09:45
Step: 80000
Winrate: 0.21
Epsilon: 0.6420

Logged at 06-08 23:13:29
Step: 160000
Winrate: 0.23
Epsilon: 0.4840

Logged at 06-08 23:17:18
Step: 240000
Winrate: 0.25
Epsilon: 0.3260

Logged at 06-08 23:21:12
Step: 320000
Winrate: 0.28
Epsilon: 0.1680

Logged at 06-08 23:25:05
Step: 400000
Winrate: 0.30
Epsilon: 0.0100

Logged at 06-08 23:29:07
Step: 480000
Winrate: 0.32
Epsilon: 0.0100

Logged at 06-08 23:33:11
Step: 560000
Winrate: 0.33
Epsilon: 0.0100

Logged at 06-08 23:37:10
Step: 640000
Winrate: 0.34
Epsilon: 0.0100

Logged at 06-08 23:41:15
Step: 720000
Winrate: 0.35
Epsilon: 0.0100

Logged at 06-08 23:45:20
Step: 800000
Winrate: 0.35
Epsilon: 0.0100

Logged at 06-08 23:49:26
Step: 880000
Winrate: 0.36
Epsilon: 0.0100

Logged at 06-08 23:53:33
Step: 960000
Winrate: 0.36
Epsilon: 0.0100

Logged at 06-08 23:57:42
Step: 1040000
Winrate: 0.37
Epsilon: 0.0100

Logged at 06-09 00:01:58
Step: 1120000
Winrate: 0.37
Epsilon: 0.0100

Logged at 06-09 00:06:11
Step: 1200000
Winrate: 0.38
Epsilon: 0.0100

Logged at 06-09 00:10:24
Step: 1280000
Winrate: 0.38
Epsilon: 0.0100

Logged at 06-09 00:14:42
Step: 1360000
Winrate: 0.38
Epsilon: 0.0100

Logged at 06-09 00:18:59
Step: 1440000
Winrate: 0.39
Epsilon: 0.0100

Logged at 06-09 00:23:15
Step: 1520000
Winrate: 0.39
Epsilon: 0.0100

Logged at 06-09 00:27:30
Step: 1600000
Winrate: 0.39
Epsilon: 0.0100

Logged at 06-09 00:31:48
Step: 1680000
Winrate: 0.39
Epsilon: 0.0100

Logged at 06-09 00:36:07
Step: 1760000
Winrate: 0.40
Epsilon: 0.0100

Logged at 06-09 00:40:26
Step: 1840000
Winrate: 0.40
Epsilon: 0.0100

Logged at 06-09 00:44:50
Step: 1920000
Winrate: 0.40
Epsilon: 0.0100

