Logging hyperparameters...
env_id: pokemon_battle_env
replay_memory_size: 100000
mini_batch_size: 32
network_sync_rate: 2500
learning_rate_a: 0.0001
discount_factor_g: 0.99
train_freq: 4
steps: 2000000
epsilon_init: 1
epsilon_fraction: 0.2
epsilon_min: 0.01
randomize_enemy: False
log_freq: 20000
should_log: True
plot_freq: 20000
should_plot: True
continue_training: True

06-09 18:04:22: Beginning new training session... 

Logged at 06-09 18:05:19
Step: 20000
Winrate: 0.16
Epsilon: 0.9506

Logged at 06-09 18:06:16
Step: 40000
Winrate: 0.18
Epsilon: 0.9011

Logged at 06-09 18:07:14
Step: 60000
Winrate: 0.18
Epsilon: 0.8516

Logged at 06-09 18:08:11
Step: 80000
Winrate: 0.18
Epsilon: 0.8021

Logged at 06-09 18:09:10
Step: 100000
Winrate: 0.19
Epsilon: 0.7526

Logged at 06-09 18:10:09
Step: 120000
Winrate: 0.20
Epsilon: 0.7031

Logged at 06-09 18:11:07
Step: 140000
Winrate: 0.21
Epsilon: 0.6536

Logged at 06-09 18:12:07
Step: 160000
Winrate: 0.22
Epsilon: 0.6041

Logged at 06-09 18:13:07
Step: 180000
Winrate: 0.22
Epsilon: 0.5546

Logged at 06-09 18:14:08
Step: 200000
Winrate: 0.23
Epsilon: 0.5051

Logged at 06-09 18:15:08
Step: 220000
Winrate: 0.24
Epsilon: 0.4556

Logged at 06-09 18:16:09
Step: 240000
Winrate: 0.25
Epsilon: 0.4061

Logged at 06-09 18:17:11
Step: 260000
Winrate: 0.26
Epsilon: 0.3566

Logged at 06-09 18:18:14
Step: 280000
Winrate: 0.26
Epsilon: 0.3071

Logged at 06-09 18:19:17
Step: 300000
Winrate: 0.27
Epsilon: 0.2576

Logged at 06-09 18:20:19
Step: 320000
Winrate: 0.28
Epsilon: 0.2081

Logged at 06-09 18:21:21
Step: 340000
Winrate: 0.29
Epsilon: 0.1586

Logged at 06-09 18:22:24
Step: 360000
Winrate: 0.30
Epsilon: 0.1091

Logged at 06-09 18:23:27
Step: 380000
Winrate: 0.31
Epsilon: 0.0596

Logged at 06-09 18:24:30
Step: 400000
Winrate: 0.31
Epsilon: 0.0101

Logged at 06-09 18:25:32
Step: 420000
Winrate: 0.32
Epsilon: 0.0100

Logged at 06-09 18:26:36
Step: 440000
Winrate: 0.33
Epsilon: 0.0100

Logged at 06-09 18:27:40
Step: 460000
Winrate: 0.34
Epsilon: 0.0100

Logged at 06-09 18:28:43
Step: 480000
Winrate: 0.34
Epsilon: 0.0100

Logged at 06-09 18:29:46
Step: 500000
Winrate: 0.35
Epsilon: 0.0100

Logged at 06-09 18:30:50
Step: 520000
Winrate: 0.35
Epsilon: 0.0100

Logged at 06-09 18:31:54
Step: 540000
Winrate: 0.36
Epsilon: 0.0100

Logged at 06-09 18:32:57
Step: 560000
Winrate: 0.36
Epsilon: 0.0100

Logged at 06-09 18:34:01
Step: 580000
Winrate: 0.37
Epsilon: 0.0100

Logged at 06-09 18:35:05
Step: 600000
Winrate: 0.37
Epsilon: 0.0100

Logged at 06-09 18:36:09
Step: 620000
Winrate: 0.37
Epsilon: 0.0100

Logged at 06-09 18:37:11
Step: 640000
Winrate: 0.38
Epsilon: 0.0100

Logged at 06-09 18:38:14
Step: 660000
Winrate: 0.38
Epsilon: 0.0100

Logged at 06-09 18:39:17
Step: 680000
Winrate: 0.39
Epsilon: 0.0100

Logged at 06-09 18:40:21
Step: 700000
Winrate: 0.39
Epsilon: 0.0100

Logged at 06-09 18:41:27
Step: 720000
Winrate: 0.39
Epsilon: 0.0100

Logged at 06-09 18:42:30
Step: 740000
Winrate: 0.39
Epsilon: 0.0100

Logged at 06-09 18:43:34
Step: 760000
Winrate: 0.40
Epsilon: 0.0100

Logged at 06-09 18:44:37
Step: 780000
Winrate: 0.40
Epsilon: 0.0100

Logged at 06-09 18:45:41
Step: 800000
Winrate: 0.40
Epsilon: 0.0100

Logged at 06-09 18:46:44
Step: 820000
Winrate: 0.40
Epsilon: 0.0100

Logged at 06-09 18:47:48
Step: 840000
Winrate: 0.40
Epsilon: 0.0100

Logged at 06-09 18:48:52
Step: 860000
Winrate: 0.41
Epsilon: 0.0100

Logged at 06-09 18:49:56
Step: 880000
Winrate: 0.41
Epsilon: 0.0100

Logged at 06-09 18:51:00
Step: 900000
Winrate: 0.41
Epsilon: 0.0100

Logged at 06-09 18:52:04
Step: 920000
Winrate: 0.41
Epsilon: 0.0100

Logged at 06-09 18:53:09
Step: 940000
Winrate: 0.41
Epsilon: 0.0100

Logged at 06-09 18:54:14
Step: 960000
Winrate: 0.42
Epsilon: 0.0100

Logged at 06-09 18:55:18
Step: 980000
Winrate: 0.42
Epsilon: 0.0100

Logged at 06-09 18:56:22
Step: 1000000
Winrate: 0.42
Epsilon: 0.0100

Logged at 06-09 18:57:26
Step: 1020000
Winrate: 0.42
Epsilon: 0.0100

Logged at 06-09 18:58:32
Step: 1040000
Winrate: 0.42
Epsilon: 0.0100

Logged at 06-09 18:59:37
Step: 1060000
Winrate: 0.42
Epsilon: 0.0100

Logged at 06-09 19:00:42
Step: 1080000
Winrate: 0.42
Epsilon: 0.0100

Logged at 06-09 19:01:48
Step: 1100000
Winrate: 0.42
Epsilon: 0.0100

Logged at 06-09 19:02:52
Step: 1120000
Winrate: 0.43
Epsilon: 0.0100

Logged at 06-09 19:03:57
Step: 1140000
Winrate: 0.43
Epsilon: 0.0100

Logged at 06-09 19:05:01
Step: 1160000
Winrate: 0.43
Epsilon: 0.0100

Logged at 06-09 19:06:05
Step: 1180000
Winrate: 0.43
Epsilon: 0.0100

Logged at 06-09 19:07:10
Step: 1200000
Winrate: 0.43
Epsilon: 0.0100

Logged at 06-09 19:08:16
Step: 1220000
Winrate: 0.43
Epsilon: 0.0100

Logged at 06-09 19:09:21
Step: 1240000
Winrate: 0.43
Epsilon: 0.0100

Logged at 06-09 19:10:26
Step: 1260000
Winrate: 0.43
Epsilon: 0.0100

Logged at 06-09 19:11:32
Step: 1280000
Winrate: 0.43
Epsilon: 0.0100

Logged at 06-09 19:12:39
Step: 1300000
Winrate: 0.43
Epsilon: 0.0100

Logged at 06-09 19:13:45
Step: 1320000
Winrate: 0.43
Epsilon: 0.0100

Logged at 06-09 19:14:52
Step: 1340000
Winrate: 0.43
Epsilon: 0.0100

Logged at 06-09 19:15:58
Step: 1360000
Winrate: 0.44
Epsilon: 0.0100

Logged at 06-09 19:17:06
Step: 1380000
Winrate: 0.44
Epsilon: 0.0100

Logged at 06-09 19:18:12
Step: 1400000
Winrate: 0.44
Epsilon: 0.0100

Logged at 06-09 19:19:19
Step: 1420000
Winrate: 0.44
Epsilon: 0.0100

Logged at 06-09 19:20:26
Step: 1440000
Winrate: 0.44
Epsilon: 0.0100

Logged at 06-09 19:21:33
Step: 1460000
Winrate: 0.44
Epsilon: 0.0100

Logged at 06-09 19:22:40
Step: 1480000
Winrate: 0.44
Epsilon: 0.0100

Logged at 06-09 19:23:47
Step: 1500000
Winrate: 0.44
Epsilon: 0.0100

Logged at 06-09 19:24:53
Step: 1520000
Winrate: 0.44
Epsilon: 0.0100

Logged at 06-09 19:26:02
Step: 1540000
Winrate: 0.44
Epsilon: 0.0100

Logged at 06-09 19:27:08
Step: 1560000
Winrate: 0.44
Epsilon: 0.0100

Logged at 06-09 19:28:15
Step: 1580000
Winrate: 0.44
Epsilon: 0.0100

Logged at 06-09 19:29:21
Step: 1600000
Winrate: 0.44
Epsilon: 0.0100

Logged at 06-09 19:30:27
Step: 1620000
Winrate: 0.44
Epsilon: 0.0100

Logged at 06-09 19:31:35
Step: 1640000
Winrate: 0.44
Epsilon: 0.0100

Logged at 06-09 19:32:41
Step: 1660000
Winrate: 0.44
Epsilon: 0.0100

Logged at 06-09 19:33:46
Step: 1680000
Winrate: 0.45
Epsilon: 0.0100

Logged at 06-09 19:34:54
Step: 1700000
Winrate: 0.45
Epsilon: 0.0100

Logged at 06-09 19:36:02
Step: 1720000
Winrate: 0.45
Epsilon: 0.0100

Logged at 06-09 19:37:09
Step: 1740000
Winrate: 0.45
Epsilon: 0.0100

Logged at 06-09 19:38:15
Step: 1760000
Winrate: 0.45
Epsilon: 0.0100

Logged at 06-09 19:39:21
Step: 1780000
Winrate: 0.45
Epsilon: 0.0100

Logged at 06-09 19:40:31
Step: 1800000
Winrate: 0.45
Epsilon: 0.0100

Logged at 06-09 19:41:39
Step: 1820000
Winrate: 0.45
Epsilon: 0.0100

Logged at 06-09 19:42:47
Step: 1840000
Winrate: 0.45
Epsilon: 0.0100

Logged at 06-09 19:43:54
Step: 1860000
Winrate: 0.45
Epsilon: 0.0100

Logged at 06-09 19:45:04
Step: 1880000
Winrate: 0.45
Epsilon: 0.0100

Logged at 06-09 19:46:13
Step: 1900000
Winrate: 0.45
Epsilon: 0.0100

Logged at 06-09 19:47:22
Step: 1920000
Winrate: 0.45
Epsilon: 0.0100

Logged at 06-09 19:48:31
Step: 1940000
Winrate: 0.45
Epsilon: 0.0100

Logged at 06-09 19:49:41
Step: 1960000
Winrate: 0.45
Epsilon: 0.0100

Logged at 06-09 19:50:50
Step: 1980000
Winrate: 0.45
Epsilon: 0.0100

