Stopped training at 8000000 steps prematurely.

Logging hyperparameters...
env_id: pokemon_battle_env
replay_memory_size: 100000
mini_batch_size: 32
network_sync_rate: 8000
learning_rate_a: 0.0001
discount_factor_g: 0.99
train_freq: 4
steps: 10000000
epsilon_init: 1
epsilon_fraction: 0.2
epsilon_min: 0.01
randomize_enemy: False
log_freq: 50000
should_log: True
plot_freq: 5000
should_plot: True
continue_training: True

06-09 01:29:09: Beginning new training session... 

Logged at 06-09 01:31:22
Step: 50000
Winrate: 0.16
Epsilon: 0.9752

Logged at 06-09 01:33:37
Step: 100000
Winrate: 0.16
Epsilon: 0.9505

Logged at 06-09 01:35:54
Step: 150000
Winrate: 0.17
Epsilon: 0.9257

Logged at 06-09 01:38:11
Step: 200000
Winrate: 0.17
Epsilon: 0.9010

Logged at 06-09 01:40:29
Step: 250000
Winrate: 0.17
Epsilon: 0.8762

Logged at 06-09 01:42:50
Step: 300000
Winrate: 0.18
Epsilon: 0.8515

Logged at 06-09 01:45:11
Step: 350000
Winrate: 0.18
Epsilon: 0.8267

Logged at 06-09 01:47:31
Step: 400000
Winrate: 0.18
Epsilon: 0.8020

Logged at 06-09 01:49:53
Step: 450000
Winrate: 0.19
Epsilon: 0.7772

Logged at 06-09 01:52:16
Step: 500000
Winrate: 0.19
Epsilon: 0.7525

Logged at 06-09 01:54:37
Step: 550000
Winrate: 0.19
Epsilon: 0.7277

Logged at 06-09 01:57:03
Step: 600000
Winrate: 0.20
Epsilon: 0.7030

Logged at 06-09 01:59:29
Step: 650000
Winrate: 0.20
Epsilon: 0.6782

Logged at 06-09 02:01:54
Step: 700000
Winrate: 0.20
Epsilon: 0.6535

Logged at 06-09 02:04:21
Step: 750000
Winrate: 0.21
Epsilon: 0.6287

Logged at 06-09 02:06:50
Step: 800000
Winrate: 0.21
Epsilon: 0.6040

Logged at 06-09 02:09:17
Step: 850000
Winrate: 0.22
Epsilon: 0.5792

Logged at 06-09 02:11:44
Step: 900000
Winrate: 0.22
Epsilon: 0.5545

Logged at 06-09 02:14:13
Step: 950000
Winrate: 0.22
Epsilon: 0.5297

Logged at 06-09 02:16:43
Step: 1000000
Winrate: 0.23
Epsilon: 0.5050

Logged at 06-09 02:19:11
Step: 1050000
Winrate: 0.23
Epsilon: 0.4802

Logged at 06-09 02:21:45
Step: 1100000
Winrate: 0.24
Epsilon: 0.4555

Logged at 06-09 02:24:19
Step: 1150000
Winrate: 0.24
Epsilon: 0.4307

Logged at 06-09 02:26:54
Step: 1200000
Winrate: 0.24
Epsilon: 0.4060

Logged at 06-09 02:29:27
Step: 1250000
Winrate: 0.25
Epsilon: 0.3812

Logged at 06-09 02:32:02
Step: 1300000
Winrate: 0.25
Epsilon: 0.3565

Logged at 06-09 02:34:36
Step: 1350000
Winrate: 0.26
Epsilon: 0.3317

Logged at 06-09 02:37:13
Step: 1400000
Winrate: 0.26
Epsilon: 0.3070

Logged at 06-09 02:39:51
Step: 1450000
Winrate: 0.26
Epsilon: 0.2822

Logged at 06-09 02:42:31
Step: 1500000
Winrate: 0.27
Epsilon: 0.2575

Logged at 06-09 02:45:14
Step: 1550000
Winrate: 0.27
Epsilon: 0.2327

Logged at 06-09 02:47:59
Step: 1600000
Winrate: 0.28
Epsilon: 0.2080

Logged at 06-09 02:50:45
Step: 1650000
Winrate: 0.28
Epsilon: 0.1832

Logged at 06-09 02:53:32
Step: 1700000
Winrate: 0.28
Epsilon: 0.1585

Logged at 06-09 02:56:18
Step: 1750000
Winrate: 0.29
Epsilon: 0.1337

Logged at 06-09 02:59:04
Step: 1800000
Winrate: 0.29
Epsilon: 0.1090

Logged at 06-09 03:01:50
Step: 1850000
Winrate: 0.30
Epsilon: 0.0842

Logged at 06-09 03:04:38
Step: 1900000
Winrate: 0.30
Epsilon: 0.0595

Logged at 06-09 03:07:29
Step: 1950000
Winrate: 0.30
Epsilon: 0.0347

Logged at 06-09 03:10:20
Step: 2000000
Winrate: 0.31
Epsilon: 0.0100

Logged at 06-09 03:13:10
Step: 2050000
Winrate: 0.31
Epsilon: 0.0100

Logged at 06-09 03:16:06
Step: 2100000
Winrate: 0.32
Epsilon: 0.0100

Logged at 06-09 03:19:01
Step: 2150000
Winrate: 0.32
Epsilon: 0.0100

Logged at 06-09 03:21:58
Step: 2200000
Winrate: 0.32
Epsilon: 0.0100

Logged at 06-09 03:24:54
Step: 2250000
Winrate: 0.33
Epsilon: 0.0100

Logged at 06-09 03:27:50
Step: 2300000
Winrate: 0.33
Epsilon: 0.0100

Logged at 06-09 03:30:45
Step: 2350000
Winrate: 0.33
Epsilon: 0.0100

Logged at 06-09 03:33:41
Step: 2400000
Winrate: 0.34
Epsilon: 0.0100

Logged at 06-09 03:36:36
Step: 2450000
Winrate: 0.34
Epsilon: 0.0100

Logged at 06-09 03:39:32
Step: 2500000
Winrate: 0.34
Epsilon: 0.0100

Logged at 06-09 03:42:31
Step: 2550000
Winrate: 0.34
Epsilon: 0.0100

Logged at 06-09 03:45:32
Step: 2600000
Winrate: 0.35
Epsilon: 0.0100

Logged at 06-09 03:48:33
Step: 2650000
Winrate: 0.35
Epsilon: 0.0100

Logged at 06-09 03:51:33
Step: 2700000
Winrate: 0.35
Epsilon: 0.0100

Logged at 06-09 03:54:34
Step: 2750000
Winrate: 0.35
Epsilon: 0.0100

Logged at 06-09 03:57:35
Step: 2800000
Winrate: 0.36
Epsilon: 0.0100

Logged at 06-09 04:00:40
Step: 2850000
Winrate: 0.36
Epsilon: 0.0100

Logged at 06-09 04:03:41
Step: 2900000
Winrate: 0.36
Epsilon: 0.0100

Logged at 06-09 04:06:43
Step: 2950000
Winrate: 0.36
Epsilon: 0.0100

Logged at 06-09 04:09:50
Step: 3000000
Winrate: 0.36
Epsilon: 0.0100

Logged at 06-09 04:12:55
Step: 3050000
Winrate: 0.37
Epsilon: 0.0100

Logged at 06-09 04:16:01
Step: 3100000
Winrate: 0.37
Epsilon: 0.0100

Logged at 06-09 04:19:03
Step: 3150000
Winrate: 0.37
Epsilon: 0.0100

Logged at 06-09 04:22:09
Step: 3200000
Winrate: 0.37
Epsilon: 0.0100

Logged at 06-09 04:25:13
Step: 3250000
Winrate: 0.37
Epsilon: 0.0100

Logged at 06-09 04:28:14
Step: 3300000
Winrate: 0.37
Epsilon: 0.0100

Logged at 06-09 04:31:20
Step: 3350000
Winrate: 0.38
Epsilon: 0.0100

Logged at 06-09 04:34:25
Step: 3400000
Winrate: 0.38
Epsilon: 0.0100

Logged at 06-09 04:37:32
Step: 3450000
Winrate: 0.38
Epsilon: 0.0100

Logged at 06-09 04:40:42
Step: 3500000
Winrate: 0.38
Epsilon: 0.0100

Logged at 06-09 04:43:51
Step: 3550000
Winrate: 0.38
Epsilon: 0.0100

Logged at 06-09 04:46:59
Step: 3600000
Winrate: 0.38
Epsilon: 0.0100

Logged at 06-09 04:50:11
Step: 3650000
Winrate: 0.38
Epsilon: 0.0100

Logged at 06-09 04:53:16
Step: 3700000
Winrate: 0.39
Epsilon: 0.0100

Logged at 06-09 04:56:26
Step: 3750000
Winrate: 0.39
Epsilon: 0.0100

Logged at 06-09 04:59:32
Step: 3800000
Winrate: 0.39
Epsilon: 0.0100

Logged at 06-09 05:02:44
Step: 3850000
Winrate: 0.39
Epsilon: 0.0100

Logged at 06-09 05:06:00
Step: 3900000
Winrate: 0.39
Epsilon: 0.0100

Logged at 06-09 05:09:11
Step: 3950000
Winrate: 0.39
Epsilon: 0.0100

Logged at 06-09 05:12:22
Step: 4000000
Winrate: 0.39
Epsilon: 0.0100

Logged at 06-09 05:15:40
Step: 4050000
Winrate: 0.39
Epsilon: 0.0100

Logged at 06-09 05:18:48
Step: 4100000
Winrate: 0.39
Epsilon: 0.0100

Logged at 06-09 05:22:03
Step: 4150000
Winrate: 0.40
Epsilon: 0.0100

Logged at 06-09 05:25:13
Step: 4200000
Winrate: 0.40
Epsilon: 0.0100

Logged at 06-09 05:28:26
Step: 4250000
Winrate: 0.40
Epsilon: 0.0100

Logged at 06-09 05:31:39
Step: 4300000
Winrate: 0.40
Epsilon: 0.0100

Logged at 06-09 05:34:55
Step: 4350000
Winrate: 0.40
Epsilon: 0.0100

Logged at 06-09 05:38:07
Step: 4400000
Winrate: 0.40
Epsilon: 0.0100

Logged at 06-09 05:41:25
Step: 4450000
Winrate: 0.40
Epsilon: 0.0100

Logged at 06-09 05:44:32
Step: 4500000
Winrate: 0.40
Epsilon: 0.0100

Logged at 06-09 05:47:44
Step: 4550000
Winrate: 0.40
Epsilon: 0.0100

Logged at 06-09 05:50:53
Step: 4600000
Winrate: 0.40
Epsilon: 0.0100

Logged at 06-09 05:54:05
Step: 4650000
Winrate: 0.41
Epsilon: 0.0100

Logged at 06-09 05:57:26
Step: 4700000
Winrate: 0.41
Epsilon: 0.0100

Logged at 06-09 06:00:46
Step: 4750000
Winrate: 0.41
Epsilon: 0.0100

Logged at 06-09 06:04:05
Step: 4800000
Winrate: 0.41
Epsilon: 0.0100

Logged at 06-09 06:07:32
Step: 4850000
Winrate: 0.41
Epsilon: 0.0100

Logged at 06-09 06:10:53
Step: 4900000
Winrate: 0.41
Epsilon: 0.0100

Logged at 06-09 06:14:21
Step: 4950000
Winrate: 0.41
Epsilon: 0.0100

Logged at 06-09 06:17:45
Step: 5000000
Winrate: 0.41
Epsilon: 0.0100

Logged at 06-09 06:21:09
Step: 5050000
Winrate: 0.41
Epsilon: 0.0100

Logged at 06-09 06:24:40
Step: 5100000
Winrate: 0.41
Epsilon: 0.0100

Logged at 06-09 06:28:03
Step: 5150000
Winrate: 0.41
Epsilon: 0.0100

Logged at 06-09 06:31:29
Step: 5200000
Winrate: 0.41
Epsilon: 0.0100

Logged at 06-09 06:34:59
Step: 5250000
Winrate: 0.41
Epsilon: 0.0100

Logged at 06-09 06:38:24
Step: 5300000
Winrate: 0.41
Epsilon: 0.0100

Logged at 06-09 06:41:54
Step: 5350000
Winrate: 0.42
Epsilon: 0.0100

Logged at 06-09 06:45:21
Step: 5400000
Winrate: 0.42
Epsilon: 0.0100

Logged at 06-09 06:48:51
Step: 5450000
Winrate: 0.42
Epsilon: 0.0100

Logged at 06-09 06:52:25
Step: 5500000
Winrate: 0.42
Epsilon: 0.0100

Logged at 06-09 06:55:53
Step: 5550000
Winrate: 0.42
Epsilon: 0.0100

Logged at 06-09 06:59:18
Step: 5600000
Winrate: 0.42
Epsilon: 0.0100

Logged at 06-09 07:02:46
Step: 5650000
Winrate: 0.42
Epsilon: 0.0100

Logged at 06-09 07:06:16
Step: 5700000
Winrate: 0.42
Epsilon: 0.0100

Logged at 06-09 07:09:51
Step: 5750000
Winrate: 0.42
Epsilon: 0.0100

Logged at 06-09 07:13:23
Step: 5800000
Winrate: 0.42
Epsilon: 0.0100

Logged at 06-09 07:16:54
Step: 5850000
Winrate: 0.42
Epsilon: 0.0100

Logged at 06-09 07:20:31
Step: 5900000
Winrate: 0.42
Epsilon: 0.0100

Logged at 06-09 07:22:32
Step: 5950000
Winrate: 0.42
Epsilon: 0.0100

Logged at 06-09 07:24:26
Step: 6000000
Winrate: 0.42
Epsilon: 0.0100

Logged at 06-09 07:26:21
Step: 6050000
Winrate: 0.42
Epsilon: 0.0100

Logged at 06-09 07:28:17
Step: 6100000
Winrate: 0.42
Epsilon: 0.0100

Logged at 06-09 07:30:14
Step: 6150000
Winrate: 0.42
Epsilon: 0.0100

Logged at 06-09 07:32:11
Step: 6200000
Winrate: 0.42
Epsilon: 0.0100

Logged at 06-09 07:34:09
Step: 6250000
Winrate: 0.42
Epsilon: 0.0100

Logged at 06-09 07:36:07
Step: 6300000
Winrate: 0.42
Epsilon: 0.0100

Logged at 06-09 07:38:07
Step: 6350000
Winrate: 0.42
Epsilon: 0.0100

Logged at 06-09 07:40:09
Step: 6400000
Winrate: 0.42
Epsilon: 0.0100

Logged at 06-09 07:42:13
Step: 6450000
Winrate: 0.42
Epsilon: 0.0100

Logged at 06-09 07:44:12
Step: 6500000
Winrate: 0.42
Epsilon: 0.0100

Logged at 06-09 07:46:12
Step: 6550000
Winrate: 0.42
Epsilon: 0.0100

Logged at 06-09 07:48:13
Step: 6600000
Winrate: 0.42
Epsilon: 0.0100

Logged at 06-09 07:50:16
Step: 6650000
Winrate: 0.42
Epsilon: 0.0100

Logged at 06-09 07:52:17
Step: 6700000
Winrate: 0.42
Epsilon: 0.0100

Logged at 06-09 07:54:20
Step: 6750000
Winrate: 0.42
Epsilon: 0.0100

Logged at 06-09 07:56:22
Step: 6800000
Winrate: 0.42
Epsilon: 0.0100

Logged at 06-09 07:58:25
Step: 6850000
Winrate: 0.42
Epsilon: 0.0100

Logged at 06-09 08:00:28
Step: 6900000
Winrate: 0.42
Epsilon: 0.0100

Logged at 06-09 08:02:29
Step: 6950000
Winrate: 0.42
Epsilon: 0.0100

Logged at 06-09 08:04:30
Step: 7000000
Winrate: 0.42
Epsilon: 0.0100

Logged at 06-09 08:06:32
Step: 7050000
Winrate: 0.42
Epsilon: 0.0100

Logged at 06-09 08:08:34
Step: 7100000
Winrate: 0.42
Epsilon: 0.0100

Logged at 06-09 08:10:35
Step: 7150000
Winrate: 0.42
Epsilon: 0.0100

Logged at 06-09 08:12:37
Step: 7200000
Winrate: 0.42
Epsilon: 0.0100

Logged at 06-09 08:14:40
Step: 7250000
Winrate: 0.42
Epsilon: 0.0100

Logged at 06-09 08:16:43
Step: 7300000
Winrate: 0.42
Epsilon: 0.0100

Logged at 06-09 08:18:46
Step: 7350000
Winrate: 0.42
Epsilon: 0.0100

Logged at 06-09 08:20:49
Step: 7400000
Winrate: 0.42
Epsilon: 0.0100

Logged at 06-09 08:22:52
Step: 7450000
Winrate: 0.42
Epsilon: 0.0100

Logged at 06-09 08:24:54
Step: 7500000
Winrate: 0.42
Epsilon: 0.0100

Logged at 06-09 08:26:56
Step: 7550000
Winrate: 0.42
Epsilon: 0.0100

Logged at 06-09 08:28:59
Step: 7600000
Winrate: 0.42
Epsilon: 0.0100

Logged at 06-09 08:31:07
Step: 7650000
Winrate: 0.42
Epsilon: 0.0100

Logged at 06-09 08:33:10
Step: 7700000
Winrate: 0.42
Epsilon: 0.0100

Logged at 06-09 08:35:11
Step: 7750000
Winrate: 0.42
Epsilon: 0.0100

Logged at 06-09 08:37:12
Step: 7800000
Winrate: 0.42
Epsilon: 0.0100

Logged at 06-09 08:39:12
Step: 7850000
Winrate: 0.42
Epsilon: 0.0100

Logged at 06-09 08:41:14
Step: 7900000
Winrate: 0.42
Epsilon: 0.0100

Logged at 06-09 08:43:16
Step: 7950000
Winrate: 0.42
Epsilon: 0.0100

Logged at 06-09 08:45:18
Step: 8000000
Winrate: 0.42
Epsilon: 0.0100

