AGAINS RANDOMBOT

06-03 01:02:53: Training starting...
06-03 01:02:54: Reward -12.357 at episode 0, saving model...
06-03 01:02:54: Reward -10.562 at episode 2, saving model...
06-03 01:02:54: Reward -10.403 at episode 3, saving model...
06-03 01:02:54: Reward 10.087 at episode 4, saving model...
06-03 01:02:54: Reward 12.065 at episode 6, saving model...
06-03 01:02:54: Reward 12.142 at episode 8, saving model...
06-03 01:02:54: Reward 13.513 at episode 11, saving model...
06-03 01:02:54: Reward 13.537 at episode 24, saving model...
06-03 01:02:54: Reward 13.651 at episode 45, saving model...
06-03 01:02:54: Reward 14.586 at episode 48, saving model...
06-03 01:02:55: Reward 14.881 at episode 86, saving model...
06-03 01:02:59: Reward 14.894 at episode 514, saving model...
06-03 01:03:00: Reward 14.963 at episode 611, saving model...
06-03 01:03:38: Reward 15.000 at episode 3881, saving model...
06-03 01:03:51: Reward -12.290 at episode 5000, saving model...
06-03 01:04:50: Reward -10.417 at episode 10000, saving model...
06-03 01:05:51: Reward -10.294 at episode 15000, saving model...
06-03 01:06:52: Reward -10.379 at episode 20000, saving model...
06-03 01:07:54: Reward -12.535 at episode 25000, saving model...
06-03 01:08:55: Reward 13.561 at episode 30000, saving model...
06-03 01:09:57: Reward 12.678 at episode 35000, saving model...
06-03 01:10:10: Reward 15.000 at episode 36091, saving model...
06-03 01:10:58: Reward 12.417 at episode 40000, saving model...
06-03 01:12:00: Reward 10.342 at episode 45000, saving model...
06-03 01:13:02: Reward 10.033 at episode 50000, saving model...
06-03 01:14:05: Reward -10.367 at episode 55000, saving model...
06-03 01:15:08: Reward -9.368 at episode 60000, saving model...
06-03 01:16:11: Reward 11.190 at episode 65000, saving model...
06-03 01:17:16: Reward 10.004 at episode 70000, saving model...
06-03 01:18:20: Reward 12.847 at episode 75000, saving model...
06-03 01:19:24: Reward 12.806 at episode 80000, saving model...
06-03 01:20:34: Reward 10.100 at episode 85000, saving model...
06-03 01:21:45: Reward 13.694 at episode 90000, saving model...
06-03 01:22:57: Reward -12.860 at episode 95000, saving model...
06-03 01:24:11: Reward 10.515 at episode 100000, saving model...
06-03 01:25:24: Reward 10.449 at episode 105000, saving model...
06-03 01:26:39: Reward -12.424 at episode 110000, saving model...
06-03 01:27:54: Reward 12.369 at episode 115000, saving model...
06-03 01:29:10: Reward 12.792 at episode 120000, saving model...
06-03 01:30:26: Reward 12.505 at episode 125000, saving model...
06-03 01:31:43: Reward -9.316 at episode 130000, saving model...
06-03 01:33:00: Reward 12.222 at episode 135000, saving model...

pokemon_battle:
  env_id: pokemon_battle_env
  replay_memory_size: 100000
  mini_batch_size: 32
  epsilon_init: 1
  epsilon_decay: 0.999995
  epsilon_min: 0.05
  network_sync_rate: 8000
  learning_rate_a: 0.0001
  discount_factor_g: 0.99
  stop_on_reward: 100000
  train_freq: 4
  enable_double_dqn: True