Logging hyperparameters...
env_id: pokemon_battle_env
replay_memory_size: 3000000
num_quant: 21
mini_batch_size: 32
network_sync_rate: 50
learning_rate_a: 0.0001
discount_factor_g: 0.85
train_freq: 4
steps: 2000000
epsilon_init: 1
epsilon_fraction: 0.2
epsilon_min: 0.01
randomize_enemy: False
log_freq: 20000
plot_freq: 40000
continue_training: True

06-20 16:25:40: Beginning new training session... 

Logged at 06-20 16:26:52
Step: 20000
Winrate: 0.16
Epsilon: 0.9506

Logged at 06-20 16:28:03
Step: 40000
Winrate: 0.16
Epsilon: 0.9011

Logged at 06-20 16:29:14
Step: 60000
Winrate: 0.17
Epsilon: 0.8516

Logged at 06-20 16:30:25
Step: 80000
Winrate: 0.18
Epsilon: 0.8021

Logged at 06-20 16:31:37
Step: 100000
Winrate: 0.19
Epsilon: 0.7526

Logged at 06-20 16:32:51
Step: 120000
Winrate: 0.19
Epsilon: 0.7031

Logged at 06-20 16:34:06
Step: 140000
Winrate: 0.20
Epsilon: 0.6536

Logged at 06-20 16:35:22
Step: 160000
Winrate: 0.21
Epsilon: 0.6041

Logged at 06-20 16:36:36
Step: 180000
Winrate: 0.21
Epsilon: 0.5546

Logged at 06-20 16:37:51
Step: 200000
Winrate: 0.22
Epsilon: 0.5051

Logged at 06-20 16:39:06
Step: 220000
Winrate: 0.23
Epsilon: 0.4556

Logged at 06-20 16:40:21
Step: 240000
Winrate: 0.23
Epsilon: 0.4061

Logged at 06-20 16:41:37
Step: 260000
Winrate: 0.24
Epsilon: 0.3566

Logged at 06-20 16:42:51
Step: 280000
Winrate: 0.25
Epsilon: 0.3071

Logged at 06-20 16:44:06
Step: 300000
Winrate: 0.26
Epsilon: 0.2576

Logged at 06-20 16:45:23
Step: 320000
Winrate: 0.26
Epsilon: 0.2081

Logged at 06-20 16:46:40
Step: 340000
Winrate: 0.27
Epsilon: 0.1586

Logged at 06-20 16:47:57
Step: 360000
Winrate: 0.28
Epsilon: 0.1091

Logged at 06-20 16:49:15
Step: 380000
Winrate: 0.29
Epsilon: 0.0596

Logged at 06-20 16:50:33
Step: 400000
Winrate: 0.29
Epsilon: 0.0101

Logged at 06-20 16:51:51
Step: 420000
Winrate: 0.30
Epsilon: 0.0100

Logged at 06-20 16:53:09
Step: 440000
Winrate: 0.31
Epsilon: 0.0100

Logged at 06-20 16:54:28
Step: 460000
Winrate: 0.31
Epsilon: 0.0100

Logged at 06-20 16:55:48
Step: 480000
Winrate: 0.32
Epsilon: 0.0100

Logged at 06-20 16:57:05
Step: 500000
Winrate: 0.32
Epsilon: 0.0100

Logged at 06-20 16:58:20
Step: 520000
Winrate: 0.33
Epsilon: 0.0100

Logged at 06-20 16:59:40
Step: 540000
Winrate: 0.33
Epsilon: 0.0100

Logged at 06-20 17:00:58
Step: 560000
Winrate: 0.34
Epsilon: 0.0100

Logged at 06-20 17:02:16
Step: 580000
Winrate: 0.34
Epsilon: 0.0100

Logged at 06-20 17:03:33
Step: 600000
Winrate: 0.34
Epsilon: 0.0100

Logged at 06-20 17:04:49
Step: 620000
Winrate: 0.35
Epsilon: 0.0100

Logged at 06-20 17:06:10
Step: 640000
Winrate: 0.35
Epsilon: 0.0100

Logged at 06-20 17:07:29
Step: 660000
Winrate: 0.35
Epsilon: 0.0100

Logged at 06-20 17:08:46
Step: 680000
Winrate: 0.36
Epsilon: 0.0100

Logged at 06-20 17:10:02
Step: 700000
Winrate: 0.36
Epsilon: 0.0100

Logged at 06-20 17:11:18
Step: 720000
Winrate: 0.36
Epsilon: 0.0100

Logged at 06-20 17:12:35
Step: 740000
Winrate: 0.36
Epsilon: 0.0100

Logged at 06-20 17:13:54
Step: 760000
Winrate: 0.36
Epsilon: 0.0100

Logged at 06-20 17:15:12
Step: 780000
Winrate: 0.37
Epsilon: 0.0100

Logged at 06-20 17:16:29
Step: 800000
Winrate: 0.37
Epsilon: 0.0100

Logged at 06-20 17:17:46
Step: 820000
Winrate: 0.37
Epsilon: 0.0100

Logged at 06-20 17:19:03
Step: 840000
Winrate: 0.37
Epsilon: 0.0100

Logged at 06-20 17:20:21
Step: 860000
Winrate: 0.37
Epsilon: 0.0100

Logged at 06-20 17:21:42
Step: 880000
Winrate: 0.38
Epsilon: 0.0100

Logged at 06-20 17:22:58
Step: 900000
Winrate: 0.38
Epsilon: 0.0100

Logged at 06-20 17:24:14
Step: 920000
Winrate: 0.38
Epsilon: 0.0100

Logged at 06-20 17:25:30
Step: 940000
Winrate: 0.38
Epsilon: 0.0100

Logged at 06-20 17:26:48
Step: 960000
Winrate: 0.38
Epsilon: 0.0100

Logged at 06-20 17:28:03
Step: 980000
Winrate: 0.39
Epsilon: 0.0100

Logged at 06-20 17:29:18
Step: 1000000
Winrate: 0.39
Epsilon: 0.0100

Logged at 06-20 17:30:34
Step: 1020000
Winrate: 0.39
Epsilon: 0.0100

Logged at 06-20 17:31:48
Step: 1040000
Winrate: 0.39
Epsilon: 0.0100

Logged at 06-20 17:33:03
Step: 1060000
Winrate: 0.39
Epsilon: 0.0100

Logged at 06-20 17:34:18
Step: 1080000
Winrate: 0.39
Epsilon: 0.0100

Logged at 06-20 17:35:31
Step: 1100000
Winrate: 0.39
Epsilon: 0.0100

Logged at 06-20 17:36:46
Step: 1120000
Winrate: 0.39
Epsilon: 0.0100

Logged at 06-20 17:37:59
Step: 1140000
Winrate: 0.40
Epsilon: 0.0100

Logged at 06-20 17:39:13
Step: 1160000
Winrate: 0.40
Epsilon: 0.0100

Logged at 06-20 17:40:28
Step: 1180000
Winrate: 0.40
Epsilon: 0.0100

Logged at 06-20 17:41:47
Step: 1200000
Winrate: 0.40
Epsilon: 0.0100

Logged at 06-20 17:43:04
Step: 1220000
Winrate: 0.40
Epsilon: 0.0100

Logged at 06-20 17:44:20
Step: 1240000
Winrate: 0.40
Epsilon: 0.0100

Logged at 06-20 17:45:34
Step: 1260000
Winrate: 0.40
Epsilon: 0.0100

Logged at 06-20 17:46:47
Step: 1280000
Winrate: 0.40
Epsilon: 0.0100

Logged at 06-20 17:48:01
Step: 1300000
Winrate: 0.40
Epsilon: 0.0100

Logged at 06-20 17:49:16
Step: 1320000
Winrate: 0.41
Epsilon: 0.0100

Logged at 06-20 17:50:35
Step: 1340000
Winrate: 0.41
Epsilon: 0.0100

Logged at 06-20 17:51:51
Step: 1360000
Winrate: 0.41
Epsilon: 0.0100

Logged at 06-20 17:53:07
Step: 1380000
Winrate: 0.41
Epsilon: 0.0100

Logged at 06-20 17:54:43
Step: 1400000
Winrate: 0.41
Epsilon: 0.0100

Logged at 06-20 17:56:04
Step: 1420000
Winrate: 0.41
Epsilon: 0.0100

Logged at 06-20 17:57:19
Step: 1440000
Winrate: 0.41
Epsilon: 0.0100

Logged at 06-20 17:58:34
Step: 1460000
Winrate: 0.41
Epsilon: 0.0100

Logged at 06-20 17:59:49
Step: 1480000
Winrate: 0.41
Epsilon: 0.0100

Logged at 06-20 18:01:06
Step: 1500000
Winrate: 0.41
Epsilon: 0.0100

Logged at 06-20 18:02:22
Step: 1520000
Winrate: 0.41
Epsilon: 0.0100

Logged at 06-20 18:03:38
Step: 1540000
Winrate: 0.41
Epsilon: 0.0100

Logged at 06-20 18:04:56
Step: 1560000
Winrate: 0.42
Epsilon: 0.0100

Logged at 06-20 18:06:12
Step: 1580000
Winrate: 0.42
Epsilon: 0.0100

Logged at 06-20 18:07:28
Step: 1600000
Winrate: 0.42
Epsilon: 0.0100

Logged at 06-20 18:08:44
Step: 1620000
Winrate: 0.42
Epsilon: 0.0100

Logged at 06-20 18:10:04
Step: 1640000
Winrate: 0.42
Epsilon: 0.0100

Logged at 06-20 18:11:20
Step: 1660000
Winrate: 0.42
Epsilon: 0.0100

Logged at 06-20 18:12:35
Step: 1680000
Winrate: 0.42
Epsilon: 0.0100

Logged at 06-20 18:13:52
Step: 1700000
Winrate: 0.42
Epsilon: 0.0100

Logged at 06-20 18:15:07
Step: 1720000
Winrate: 0.42
Epsilon: 0.0100

Logged at 06-20 18:16:24
Step: 1740000
Winrate: 0.42
Epsilon: 0.0100

Logged at 06-20 18:17:40
Step: 1760000
Winrate: 0.42
Epsilon: 0.0100

Logged at 06-20 18:18:57
Step: 1780000
Winrate: 0.42
Epsilon: 0.0100

Logged at 06-20 18:20:14
Step: 1800000
Winrate: 0.42
Epsilon: 0.0100

Logged at 06-20 18:21:32
Step: 1820000
Winrate: 0.42
Epsilon: 0.0100

Logged at 06-20 18:22:52
Step: 1840000
Winrate: 0.42
Epsilon: 0.0100

Logged at 06-20 18:24:10
Step: 1860000
Winrate: 0.42
Epsilon: 0.0100

Logged at 06-20 18:25:28
Step: 1880000
Winrate: 0.43
Epsilon: 0.0100

Logged at 06-20 18:26:47
Step: 1900000
Winrate: 0.43
Epsilon: 0.0100

Logged at 06-20 18:28:09
Step: 1920000
Winrate: 0.43
Epsilon: 0.0100

Logged at 06-20 18:29:27
Step: 1940000
Winrate: 0.43
Epsilon: 0.0100

Logged at 06-20 18:30:44
Step: 1960000
Winrate: 0.43
Epsilon: 0.0100

Logged at 06-20 18:32:01
Step: 1980000
Winrate: 0.43
Epsilon: 0.0100

