Logging hyperparameters...
env_id: pokemon_battle_env
replay_memory_size: 100000
mini_batch_size: 32
network_sync_rate: 2500
learning_rate_a: 0.0001
discount_factor_g: 0.99
train_freq: 4
steps: 2000000
epsilon_init: 1
epsilon_fraction: 0.2
epsilon_min: 0.01
randomize_enemy: False
log_freq: 20000
should_log: True
plot_freq: 5000
should_plot: True
continue_training: True

06-09 12:04:58: Beginning new training session... 

Logged at 06-09 12:05:58
Step: 20000
Winrate: 0.17
Epsilon: 0.9506

Logged at 06-09 12:06:55
Step: 40000
Winrate: 0.17
Epsilon: 0.9011

Logged at 06-09 12:07:53
Step: 60000
Winrate: 0.17
Epsilon: 0.8516

Logged at 06-09 12:08:52
Step: 80000
Winrate: 0.17
Epsilon: 0.8021

Logged at 06-09 12:09:51
Step: 100000
Winrate: 0.18
Epsilon: 0.7526

Logged at 06-09 12:10:51
Step: 120000
Winrate: 0.18
Epsilon: 0.7031

Logged at 06-09 12:11:51
Step: 140000
Winrate: 0.19
Epsilon: 0.6536

Logged at 06-09 12:12:51
Step: 160000
Winrate: 0.20
Epsilon: 0.6041

Logged at 06-09 12:13:51
Step: 180000
Winrate: 0.21
Epsilon: 0.5546

Logged at 06-09 12:14:53
Step: 200000
Winrate: 0.21
Epsilon: 0.5051

Logged at 06-09 12:15:54
Step: 220000
Winrate: 0.22
Epsilon: 0.4556

Logged at 06-09 12:16:54
Step: 240000
Winrate: 0.23
Epsilon: 0.4061

Logged at 06-09 12:17:58
Step: 260000
Winrate: 0.23
Epsilon: 0.3566

Logged at 06-09 12:19:00
Step: 280000
Winrate: 0.24
Epsilon: 0.3071

Logged at 06-09 12:20:03
Step: 300000
Winrate: 0.25
Epsilon: 0.2576

Logged at 06-09 12:21:06
Step: 320000
Winrate: 0.26
Epsilon: 0.2081

Logged at 06-09 12:22:09
Step: 340000
Winrate: 0.26
Epsilon: 0.1586

Logged at 06-09 12:23:11
Step: 360000
Winrate: 0.27
Epsilon: 0.1091

Logged at 06-09 12:24:14
Step: 380000
Winrate: 0.28
Epsilon: 0.0596

Logged at 06-09 12:25:16
Step: 400000
Winrate: 0.28
Epsilon: 0.0101

Logged at 06-09 12:26:19
Step: 420000
Winrate: 0.29
Epsilon: 0.0100

Logged at 06-09 12:27:23
Step: 440000
Winrate: 0.30
Epsilon: 0.0100

Logged at 06-09 12:28:27
Step: 460000
Winrate: 0.30
Epsilon: 0.0100

Logged at 06-09 12:29:37
Step: 480000
Winrate: 0.31
Epsilon: 0.0100

Logged at 06-09 12:30:43
Step: 500000
Winrate: 0.31
Epsilon: 0.0100

Logged at 06-09 12:31:47
Step: 520000
Winrate: 0.32
Epsilon: 0.0100

Logged at 06-09 12:32:50
Step: 540000
Winrate: 0.32
Epsilon: 0.0100

Logged at 06-09 12:33:53
Step: 560000
Winrate: 0.32
Epsilon: 0.0100

Logged at 06-09 12:34:57
Step: 580000
Winrate: 0.33
Epsilon: 0.0100

Logged at 06-09 12:35:59
Step: 600000
Winrate: 0.33
Epsilon: 0.0100

Logged at 06-09 12:37:03
Step: 620000
Winrate: 0.33
Epsilon: 0.0100

Logged at 06-09 12:38:07
Step: 640000
Winrate: 0.34
Epsilon: 0.0100

Logged at 06-09 12:39:10
Step: 660000
Winrate: 0.34
Epsilon: 0.0100

Logged at 06-09 12:40:14
Step: 680000
Winrate: 0.34
Epsilon: 0.0100

Logged at 06-09 12:41:19
Step: 700000
Winrate: 0.34
Epsilon: 0.0100

Logged at 06-09 12:42:23
Step: 720000
Winrate: 0.35
Epsilon: 0.0100

Logged at 06-09 12:43:27
Step: 740000
Winrate: 0.35
Epsilon: 0.0100

Logged at 06-09 12:44:31
Step: 760000
Winrate: 0.35
Epsilon: 0.0100

Logged at 06-09 12:45:36
Step: 780000
Winrate: 0.35
Epsilon: 0.0100

Logged at 06-09 12:46:42
Step: 800000
Winrate: 0.35
Epsilon: 0.0100

Logged at 06-09 12:47:47
Step: 820000
Winrate: 0.36
Epsilon: 0.0100

Logged at 06-09 12:48:53
Step: 840000
Winrate: 0.36
Epsilon: 0.0100

Logged at 06-09 12:49:59
Step: 860000
Winrate: 0.36
Epsilon: 0.0100

Logged at 06-09 12:51:04
Step: 880000
Winrate: 0.36
Epsilon: 0.0100

Logged at 06-09 12:52:10
Step: 900000
Winrate: 0.36
Epsilon: 0.0100

Logged at 06-09 12:53:16
Step: 920000
Winrate: 0.36
Epsilon: 0.0100

Logged at 06-09 12:54:23
Step: 940000
Winrate: 0.37
Epsilon: 0.0100

Logged at 06-09 12:55:29
Step: 960000
Winrate: 0.37
Epsilon: 0.0100

Logged at 06-09 12:56:34
Step: 980000
Winrate: 0.37
Epsilon: 0.0100

Logged at 06-09 12:57:38
Step: 1000000
Winrate: 0.37
Epsilon: 0.0100

Logged at 06-09 12:58:45
Step: 1020000
Winrate: 0.37
Epsilon: 0.0100

Logged at 06-09 12:59:51
Step: 1040000
Winrate: 0.37
Epsilon: 0.0100

Logged at 06-09 13:00:57
Step: 1060000
Winrate: 0.37
Epsilon: 0.0100

Logged at 06-09 13:02:04
Step: 1080000
Winrate: 0.37
Epsilon: 0.0100

Logged at 06-09 13:03:11
Step: 1100000
Winrate: 0.38
Epsilon: 0.0100

Logged at 06-09 13:04:18
Step: 1120000
Winrate: 0.38
Epsilon: 0.0100

Logged at 06-09 13:05:24
Step: 1140000
Winrate: 0.38
Epsilon: 0.0100

Logged at 06-09 13:06:31
Step: 1160000
Winrate: 0.38
Epsilon: 0.0100

Logged at 06-09 13:07:36
Step: 1180000
Winrate: 0.38
Epsilon: 0.0100

Logged at 06-09 13:08:41
Step: 1200000
Winrate: 0.38
Epsilon: 0.0100

Logged at 06-09 13:09:48
Step: 1220000
Winrate: 0.38
Epsilon: 0.0100

Logged at 06-09 13:10:53
Step: 1240000
Winrate: 0.38
Epsilon: 0.0100

Logged at 06-09 13:11:59
Step: 1260000
Winrate: 0.38
Epsilon: 0.0100

Logged at 06-09 13:13:05
Step: 1280000
Winrate: 0.39
Epsilon: 0.0100

Logged at 06-09 13:14:05
Step: 1300000
Winrate: 0.39
Epsilon: 0.0100

Logged at 06-09 13:14:55
Step: 1320000
Winrate: 0.39
Epsilon: 0.0100

Logged at 06-09 13:15:45
Step: 1340000
Winrate: 0.39
Epsilon: 0.0100

Logged at 06-09 13:16:35
Step: 1360000
Winrate: 0.39
Epsilon: 0.0100

Logged at 06-09 13:17:24
Step: 1380000
Winrate: 0.39
Epsilon: 0.0100

Logged at 06-09 13:18:14
Step: 1400000
Winrate: 0.39
Epsilon: 0.0100

Logged at 06-09 13:19:04
Step: 1420000
Winrate: 0.39
Epsilon: 0.0100

Logged at 06-09 13:19:54
Step: 1440000
Winrate: 0.39
Epsilon: 0.0100

Logged at 06-09 13:20:44
Step: 1460000
Winrate: 0.39
Epsilon: 0.0100

Logged at 06-09 13:21:34
Step: 1480000
Winrate: 0.39
Epsilon: 0.0100

Logged at 06-09 13:22:24
Step: 1500000
Winrate: 0.39
Epsilon: 0.0100

Logged at 06-09 13:23:14
Step: 1520000
Winrate: 0.39
Epsilon: 0.0100

Logged at 06-09 13:24:04
Step: 1540000
Winrate: 0.39
Epsilon: 0.0100

Logged at 06-09 13:24:54
Step: 1560000
Winrate: 0.39
Epsilon: 0.0100

Logged at 06-09 13:25:44
Step: 1580000
Winrate: 0.39
Epsilon: 0.0100

Logged at 06-09 13:26:34
Step: 1600000
Winrate: 0.39
Epsilon: 0.0100

Logged at 06-09 13:27:24
Step: 1620000
Winrate: 0.39
Epsilon: 0.0100

Logged at 06-09 13:28:14
Step: 1640000
Winrate: 0.39
Epsilon: 0.0100

Logged at 06-09 13:29:04
Step: 1660000
Winrate: 0.39
Epsilon: 0.0100

Logged at 06-09 13:29:54
Step: 1680000
Winrate: 0.39
Epsilon: 0.0100

Logged at 06-09 13:30:44
Step: 1700000
Winrate: 0.39
Epsilon: 0.0100

Logged at 06-09 13:31:35
Step: 1720000
Winrate: 0.39
Epsilon: 0.0100

Logged at 06-09 13:32:26
Step: 1740000
Winrate: 0.39
Epsilon: 0.0100

Logged at 06-09 13:33:17
Step: 1760000
Winrate: 0.39
Epsilon: 0.0100

Logged at 06-09 13:34:08
Step: 1780000
Winrate: 0.39
Epsilon: 0.0100

Logged at 06-09 13:34:59
Step: 1800000
Winrate: 0.39
Epsilon: 0.0100

Logged at 06-09 13:35:50
Step: 1820000
Winrate: 0.39
Epsilon: 0.0100

Logged at 06-09 13:36:41
Step: 1840000
Winrate: 0.39
Epsilon: 0.0100

Logged at 06-09 13:37:32
Step: 1860000
Winrate: 0.39
Epsilon: 0.0100

Logged at 06-09 13:38:23
Step: 1880000
Winrate: 0.39
Epsilon: 0.0100

Logged at 06-09 13:39:14
Step: 1900000
Winrate: 0.39
Epsilon: 0.0100

Logged at 06-09 13:40:05
Step: 1920000
Winrate: 0.39
Epsilon: 0.0100

Logged at 06-09 13:40:56
Step: 1940000
Winrate: 0.39
Epsilon: 0.0100

Logged at 06-09 13:41:47
Step: 1960000
Winrate: 0.39
Epsilon: 0.0100

Logged at 06-09 13:42:38
Step: 1980000
Winrate: 0.39
Epsilon: 0.0100

