Logging hyperparameters...
env_id: pokemon_battle_env
n_step: 1
replay_memory_size: 3000000
mini_batch_size: 32
network_sync_rate: 50
learning_rate_a: 0.0001
discount_factor_g: 0.85
train_freq: 4
steps: 1000000
epsilon_init: 1
epsilon_fraction: 0.2
epsilon_min: 0.01
randomize_enemy: False
log_freq: 20000
continue_training: False

06-15 23:41:34: Beginning new training session... 

Logged at 06-15 23:42:16
Step: 20000
Winrate: 0.59
Epsilon: 0.9011

Logged at 06-15 23:42:56
Step: 40000
Winrate: 0.59
Epsilon: 0.8021

Logged at 06-15 23:43:37
Step: 60000
Winrate: 0.59
Epsilon: 0.7031

Logged at 06-15 23:44:18
Step: 80000
Winrate: 0.59
Epsilon: 0.6041

Logged at 06-15 23:45:00
Step: 100000
Winrate: 0.60
Epsilon: 0.5051

Logged at 06-15 23:45:41
Step: 120000
Winrate: 0.61
Epsilon: 0.4061

Logged at 06-15 23:46:22
Step: 140000
Winrate: 0.62
Epsilon: 0.3071

Logged at 06-15 23:47:06
Step: 160000
Winrate: 0.63
Epsilon: 0.2081

Logged at 06-15 23:47:49
Step: 180000
Winrate: 0.65
Epsilon: 0.1091

Logged at 06-15 23:48:33
Step: 200000
Winrate: 0.67
Epsilon: 0.0101

Logged at 06-15 23:49:17
Step: 220000
Winrate: 0.68
Epsilon: 0.0100

Logged at 06-15 23:50:01
Step: 240000
Winrate: 0.69
Epsilon: 0.0100

Logged at 06-15 23:50:46
Step: 260000
Winrate: 0.70
Epsilon: 0.0100

Logged at 06-15 23:51:30
Step: 280000
Winrate: 0.71
Epsilon: 0.0100

Logged at 06-15 23:52:15
Step: 300000
Winrate: 0.72
Epsilon: 0.0100

Logged at 06-15 23:52:59
Step: 320000
Winrate: 0.73
Epsilon: 0.0100

Logged at 06-15 23:53:44
Step: 340000
Winrate: 0.73
Epsilon: 0.0100

Logged at 06-15 23:54:28
Step: 360000
Winrate: 0.74
Epsilon: 0.0100

Logged at 06-15 23:55:14
Step: 380000
Winrate: 0.74
Epsilon: 0.0100

Logged at 06-15 23:55:58
Step: 400000
Winrate: 0.75
Epsilon: 0.0100

Logged at 06-15 23:56:42
Step: 420000
Winrate: 0.75
Epsilon: 0.0100

Logged at 06-15 23:57:26
Step: 440000
Winrate: 0.75
Epsilon: 0.0100

Logged at 06-15 23:58:11
Step: 460000
Winrate: 0.75
Epsilon: 0.0100

Logged at 06-15 23:58:55
Step: 480000
Winrate: 0.76
Epsilon: 0.0100

Logged at 06-15 23:59:39
Step: 500000
Winrate: 0.76
Epsilon: 0.0100

Logged at 06-16 00:00:23
Step: 520000
Winrate: 0.76
Epsilon: 0.0100

Logged at 06-16 00:01:07
Step: 540000
Winrate: 0.76
Epsilon: 0.0100

Logged at 06-16 00:01:53
Step: 560000
Winrate: 0.77
Epsilon: 0.0100

Logged at 06-16 00:02:37
Step: 580000
Winrate: 0.77
Epsilon: 0.0100

Logged at 06-16 00:03:22
Step: 600000
Winrate: 0.77
Epsilon: 0.0100

Logged at 06-16 00:04:07
Step: 620000
Winrate: 0.77
Epsilon: 0.0100

Logged at 06-16 00:04:52
Step: 640000
Winrate: 0.78
Epsilon: 0.0100

Logged at 06-16 00:05:38
Step: 660000
Winrate: 0.78
Epsilon: 0.0100

Logged at 06-16 00:06:22
Step: 680000
Winrate: 0.78
Epsilon: 0.0100

Logged at 06-16 00:07:07
Step: 700000
Winrate: 0.78
Epsilon: 0.0100

Logged at 06-16 00:07:50
Step: 720000
Winrate: 0.78
Epsilon: 0.0100

Logged at 06-16 00:08:34
Step: 740000
Winrate: 0.78
Epsilon: 0.0100

Logged at 06-16 00:09:18
Step: 760000
Winrate: 0.79
Epsilon: 0.0100

Logged at 06-16 00:10:05
Step: 780000
Winrate: 0.79
Epsilon: 0.0100

Logged at 06-16 00:10:50
Step: 800000
Winrate: 0.79
Epsilon: 0.0100

Logged at 06-16 00:11:35
Step: 820000
Winrate: 0.79
Epsilon: 0.0100

Logged at 06-16 00:12:20
Step: 840000
Winrate: 0.79
Epsilon: 0.0100

Logged at 06-16 00:13:05
Step: 860000
Winrate: 0.79
Epsilon: 0.0100

Logged at 06-16 00:13:50
Step: 880000
Winrate: 0.80
Epsilon: 0.0100

Logged at 06-16 00:14:35
Step: 900000
Winrate: 0.80
Epsilon: 0.0100

Logged at 06-16 00:15:23
Step: 920000
Winrate: 0.80
Epsilon: 0.0100

Logged at 06-16 00:16:08
Step: 940000
Winrate: 0.80
Epsilon: 0.0100

Logged at 06-16 00:16:56
Step: 960000
Winrate: 0.80
Epsilon: 0.0100

Logged at 06-16 00:17:41
Step: 980000
Winrate: 0.80
Epsilon: 0.0100

