Logging hyperparameters...
env_id: pokemon_battle_env
n_step: 1
replay_memory_size: 5000000
mini_batch_size: 32
network_sync_rate: 50
learning_rate_a: 0.0001
discount_factor_g: 0.85
train_freq: 4
steps: 1000000
epsilon_init: 1
epsilon_fraction: 0.2
epsilon_min: 0.01
randomize_enemy: False
log_freq: 20000
continue_training: False

06-12 18:52:02: Beginning new training session... 

Logged at 06-12 18:52:43
Step: 20000
Winrate: 0.60
Epsilon: 0.9011

Logged at 06-12 18:53:22
Step: 40000
Winrate: 0.60
Epsilon: 0.8021

Logged at 06-12 18:54:03
Step: 60000
Winrate: 0.59
Epsilon: 0.7031

Logged at 06-12 18:54:43
Step: 80000
Winrate: 0.60
Epsilon: 0.6041

Logged at 06-12 18:55:26
Step: 100000
Winrate: 0.60
Epsilon: 0.5051

Logged at 06-12 18:56:08
Step: 120000
Winrate: 0.60
Epsilon: 0.4061

Logged at 06-12 18:56:50
Step: 140000
Winrate: 0.60
Epsilon: 0.3071

Logged at 06-12 18:57:33
Step: 160000
Winrate: 0.61
Epsilon: 0.2081

Logged at 06-12 18:58:16
Step: 180000
Winrate: 0.62
Epsilon: 0.1091

Logged at 06-12 18:58:59
Step: 200000
Winrate: 0.64
Epsilon: 0.0101

Logged at 06-12 18:59:43
Step: 220000
Winrate: 0.66
Epsilon: 0.0100

Logged at 06-12 19:00:28
Step: 240000
Winrate: 0.67
Epsilon: 0.0100

Logged at 06-12 19:01:12
Step: 260000
Winrate: 0.68
Epsilon: 0.0100

Logged at 06-12 19:01:58
Step: 280000
Winrate: 0.69
Epsilon: 0.0100

Logged at 06-12 19:02:43
Step: 300000
Winrate: 0.70
Epsilon: 0.0100

Logged at 06-12 19:03:28
Step: 320000
Winrate: 0.71
Epsilon: 0.0100

Logged at 06-12 19:04:13
Step: 340000
Winrate: 0.71
Epsilon: 0.0100

Logged at 06-12 19:04:57
Step: 360000
Winrate: 0.72
Epsilon: 0.0100

Logged at 06-12 19:05:42
Step: 380000
Winrate: 0.73
Epsilon: 0.0100

Logged at 06-12 19:06:26
Step: 400000
Winrate: 0.73
Epsilon: 0.0100

Logged at 06-12 19:07:12
Step: 420000
Winrate: 0.74
Epsilon: 0.0100

Logged at 06-12 19:07:56
Step: 440000
Winrate: 0.74
Epsilon: 0.0100

Logged at 06-12 19:08:42
Step: 460000
Winrate: 0.74
Epsilon: 0.0100

Logged at 06-12 19:09:26
Step: 480000
Winrate: 0.75
Epsilon: 0.0100

Logged at 06-12 19:10:10
Step: 500000
Winrate: 0.75
Epsilon: 0.0100

Logged at 06-12 19:10:54
Step: 520000
Winrate: 0.75
Epsilon: 0.0100

Logged at 06-12 19:11:38
Step: 540000
Winrate: 0.76
Epsilon: 0.0100

Logged at 06-12 19:12:24
Step: 560000
Winrate: 0.76
Epsilon: 0.0100

Logged at 06-12 19:13:08
Step: 580000
Winrate: 0.76
Epsilon: 0.0100

Logged at 06-12 19:13:52
Step: 600000
Winrate: 0.76
Epsilon: 0.0100

Logged at 06-12 19:14:36
Step: 620000
Winrate: 0.77
Epsilon: 0.0100

Logged at 06-12 19:15:22
Step: 640000
Winrate: 0.77
Epsilon: 0.0100

Logged at 06-12 19:16:09
Step: 660000
Winrate: 0.77
Epsilon: 0.0100

Logged at 06-12 19:16:54
Step: 680000
Winrate: 0.77
Epsilon: 0.0100

Logged at 06-12 19:17:39
Step: 700000
Winrate: 0.77
Epsilon: 0.0100

Logged at 06-12 19:18:24
Step: 720000
Winrate: 0.78
Epsilon: 0.0100

Logged at 06-12 19:19:08
Step: 740000
Winrate: 0.78
Epsilon: 0.0100

Logged at 06-12 19:19:53
Step: 760000
Winrate: 0.78
Epsilon: 0.0100

Logged at 06-12 19:20:40
Step: 780000
Winrate: 0.78
Epsilon: 0.0100

Logged at 06-12 19:21:25
Step: 800000
Winrate: 0.78
Epsilon: 0.0100

Logged at 06-12 19:22:11
Step: 820000
Winrate: 0.78
Epsilon: 0.0100

Logged at 06-12 19:22:56
Step: 840000
Winrate: 0.79
Epsilon: 0.0100

Logged at 06-12 19:23:41
Step: 860000
Winrate: 0.79
Epsilon: 0.0100

Logged at 06-12 19:24:27
Step: 880000
Winrate: 0.79
Epsilon: 0.0100

Logged at 06-12 19:25:12
Step: 900000
Winrate: 0.79
Epsilon: 0.0100

Logged at 06-12 19:25:59
Step: 920000
Winrate: 0.79
Epsilon: 0.0100

Logged at 06-12 19:26:45
Step: 940000
Winrate: 0.79
Epsilon: 0.0100

Logged at 06-12 19:27:30
Step: 960000
Winrate: 0.79
Epsilon: 0.0100

Logged at 06-12 19:28:16
Step: 980000
Winrate: 0.80
Epsilon: 0.0100

