AGAINST GREEDYBOT

06-03 01:37:52: Training starting...
06-03 01:37:53: Reward -12.668 at episode 0, saving model...
06-03 01:37:53: Reward -12.354 at episode 1, saving model...
06-03 01:37:53: Reward 10.146 at episode 10, saving model...
06-03 01:37:53: Reward 12.810 at episode 19, saving model...
06-03 01:37:53: Reward 13.707 at episode 48, saving model...
06-03 01:38:06: Reward 13.722 at episode 1150, saving model...
06-03 01:38:12: Reward 14.717 at episode 1666, saving model...
06-03 01:38:52: Reward -12.880 at episode 5000, saving model...
06-03 01:39:31: Reward 14.826 at episode 8266, saving model...
06-03 01:39:52: Reward -12.072 at episode 10000, saving model...
06-03 01:40:53: Reward 10.325 at episode 15000, saving model...
06-03 01:41:00: Reward 15.000 at episode 15553, saving model...
06-03 01:41:55: Reward -12.696 at episode 20000, saving model...
06-03 01:42:57: Reward -12.828 at episode 25000, saving model...
06-03 01:44:00: Reward -11.927 at episode 30000, saving model...
06-03 01:45:04: Reward -12.509 at episode 35000, saving model...
06-03 01:46:09: Reward -12.883 at episode 40000, saving model...
06-03 01:47:15: Reward -12.554 at episode 45000, saving model...
06-03 01:48:03: Reward 15.000 at episode 48736, saving model...
06-03 01:48:20: Reward -10.131 at episode 50000, saving model...
06-03 01:49:27: Reward -11.403 at episode 55000, saving model...
06-03 01:50:36: Reward -10.455 at episode 60000, saving model...
06-03 01:51:45: Reward -10.026 at episode 65000, saving model...
06-03 01:52:53: Reward -12.826 at episode 70000, saving model...
06-03 01:54:04: Reward -12.488 at episode 75000, saving model...
06-03 01:55:16: Reward 10.159 at episode 80000, saving model...
06-03 01:56:29: Reward -12.852 at episode 85000, saving model...
06-03 01:57:44: Reward -12.750 at episode 90000, saving model...
06-03 01:58:58: Reward -10.294 at episode 95000, saving model...
06-03 02:00:13: Reward 10.189 at episode 100000, saving model...
06-03 02:01:29: Reward 11.418 at episode 105000, saving model...
06-03 02:02:46: Reward 12.497 at episode 110000, saving model...
06-03 02:04:05: Reward 10.158 at episode 115000, saving model...
06-03 02:05:23: Reward -12.823 at episode 120000, saving model...
06-03 02:06:44: Reward -9.408 at episode 125000, saving model...
06-03 02:08:05: Reward -12.222 at episode 130000, saving model...
06-03 02:09:28: Reward -12.765 at episode 135000, saving model...
06-03 02:10:50: Reward -10.103 at episode 140000, saving model...
06-03 02:12:15: Reward -12.625 at episode 145000, saving model...
06-03 02:13:39: Reward -11.676 at episode 150000, saving model...
06-03 02:15:03: Reward -11.725 at episode 155000, saving model...
06-03 02:16:34: Reward -10.168 at episode 160000, saving model...
06-03 02:18:03: Reward -12.571 at episode 165000, saving model...
06-03 02:19:36: Reward -10.182 at episode 170000, saving model...
06-03 02:21:08: Reward -12.236 at episode 175000, saving model...
06-03 02:22:43: Reward -12.743 at episode 180000, saving model...
06-03 02:24:20: Reward -12.791 at episode 185000, saving model...
06-03 02:25:56: Reward -10.397 at episode 190000, saving model...
06-03 02:27:36: Reward -10.479 at episode 195000, saving model...
06-03 02:29:19: Reward -12.623 at episode 200000, saving model...
06-03 02:31:01: Reward 10.363 at episode 205000, saving model...
06-03 02:32:44: Reward -12.834 at episode 210000, saving model...
06-03 02:34:28: Reward -12.629 at episode 215000, saving model...
06-03 02:36:14: Reward -12.811 at episode 220000, saving model...
06-03 02:38:02: Reward -9.315 at episode 225000, saving model...
06-03 02:39:54: Reward -9.282 at episode 230000, saving model...
06-03 02:41:50: Reward -10.365 at episode 235000, saving model...
06-03 02:43:46: Reward -10.126 at episode 240000, saving model...
06-03 02:45:43: Reward -12.441 at episode 245000, saving model...
06-03 02:47:42: Reward -8.126 at episode 250000, saving model...
06-03 02:49:44: Reward -12.838 at episode 255000, saving model...
06-03 02:51:51: Reward -12.327 at episode 260000, saving model...
06-03 02:54:00: Reward 10.390 at episode 265000, saving model...
06-03 02:56:12: Reward -12.484 at episode 270000, saving model...
06-03 02:58:29: Reward 10.155 at episode 275000, saving model...
06-03 03:00:48: Reward 10.064 at episode 280000, saving model...
06-03 03:03:12: Reward -12.861 at episode 285000, saving model...
06-03 03:05:37: Reward -12.718 at episode 290000, saving model...
06-03 03:08:05: Reward 10.303 at episode 295000, saving model...
06-03 03:10:38: Reward -12.667 at episode 300000, saving model...
06-03 03:13:18: Reward -12.662 at episode 305000, saving model...
06-03 03:16:01: Reward 10.339 at episode 310000, saving model...
06-03 03:18:50: Reward -12.091 at episode 315000, saving model...
06-03 03:21:42: Reward 10.380 at episode 320000, saving model...
06-03 03:24:35: Reward 12.905 at episode 325000, saving model...
06-03 03:27:36: Reward 11.115 at episode 330000, saving model...
06-03 03:30:40: Reward 10.419 at episode 335000, saving model...
06-03 03:33:52: Reward -10.413 at episode 340000, saving model...
06-03 03:37:09: Reward -12.908 at episode 345000, saving model...
06-03 03:40:29: Reward 10.326 at episode 350000, saving model...
06-03 03:44:09: Reward -13.000 at episode 355000, saving model...
06-03 03:47:54: Reward -12.226 at episode 360000, saving model...
06-03 03:51:46: Reward -12.922 at episode 365000, saving model...
06-03 03:55:46: Reward -12.674 at episode 370000, saving model...
06-03 03:59:55: Reward -12.903 at episode 375000, saving model...
06-03 04:04:28: Reward -9.388 at episode 380000, saving model...
06-03 04:09:04: Reward 10.328 at episode 385000, saving model...
06-03 04:13:49: Reward 10.111 at episode 390000, saving model...
06-03 04:18:50: Reward -11.445 at episode 395000, saving model...
06-03 04:24:07: Reward 10.138 at episode 400000, saving model...
06-03 04:29:56: Reward -12.301 at episode 405000, saving model...
06-03 04:36:00: Reward -13.000 at episode 410000, saving model...
06-03 04:42:21: Reward -11.344 at episode 415000, saving model...
06-03 04:49:14: Reward -12.479 at episode 420000, saving model...
06-03 04:56:39: Reward 12.940 at episode 425000, saving model...
06-03 05:04:56: Reward -12.778 at episode 430000, saving model...
06-03 05:13:38: Reward -12.409 at episode 435000, saving model...
06-03 05:23:08: Reward 10.173 at episode 440000, saving model...
06-03 05:33:27: Reward -12.725 at episode 445000, saving model...
06-03 05:45:05: Reward -12.694 at episode 450000, saving model...
06-03 05:58:53: Reward -12.590 at episode 455000, saving model...
06-03 06:13:13: Reward 10.238 at episode 460000, saving model...
06-03 06:29:29: Reward 12.809 at episode 465000, saving model...

pokemon_battle:
  env_id: pokemon_battle_env
  replay_memory_size: 100000
  mini_batch_size: 32
  epsilon_init: 0.65
  epsilon_decay: 0.999995
  epsilon_min: 0.05
  network_sync_rate: 8000
  learning_rate_a: 0.0001
  discount_factor_g: 0.99
  stop_on_reward: 100000
  train_freq: 4
  enable_double_dqn: True