AGAINST GREEDYBOT

06-03 06:34:30: Training starting...
06-03 06:34:32: Reward -12.554 at episode 0, saving model...
06-03 06:34:32: Reward 10.029 at episode 3, saving model...
06-03 06:34:32: Reward 10.454 at episode 4, saving model...
06-03 06:34:32: Reward 10.501 at episode 6, saving model...
06-03 06:34:32: Reward 10.632 at episode 7, saving model...
06-03 06:34:32: Reward 11.191 at episode 21, saving model...
06-03 06:34:33: Reward 12.287 at episode 31, saving model...
06-03 06:34:33: Reward 12.591 at episode 34, saving model...
06-03 06:34:33: Reward 12.623 at episode 43, saving model...
06-03 06:34:34: Reward 13.753 at episode 67, saving model...
06-03 06:34:51: Reward 13.869 at episode 1537, saving model...
06-03 06:34:54: Reward 14.000 at episode 1819, saving model...
06-03 06:35:19: Reward 14.478 at episode 3992, saving model...
06-03 06:35:31: Reward 10.075 at episode 5000, saving model...
06-03 06:35:41: Reward 14.695 at episode 5857, saving model...
06-03 06:36:29: Reward -12.754 at episode 10000, saving model...
06-03 06:37:29: Reward -12.485 at episode 15000, saving model...
06-03 06:38:29: Reward -12.588 at episode 20000, saving model...
06-03 06:39:30: Reward -12.586 at episode 25000, saving model...
06-03 06:40:32: Reward -10.400 at episode 30000, saving model...
06-03 06:40:53: Reward 14.791 at episode 31608, saving model...
06-03 06:41:36: Reward 10.003 at episode 35000, saving model...
06-03 06:42:39: Reward -10.274 at episode 40000, saving model...
06-03 06:43:43: Reward 12.645 at episode 45000, saving model...
06-03 06:43:56: Reward 14.849 at episode 45955, saving model...
06-03 06:44:46: Reward 14.908 at episode 49844, saving model...
06-03 06:44:47: Reward -10.440 at episode 50000, saving model...
06-03 06:45:54: Reward -9.050 at episode 55000, saving model...
06-03 06:47:01: Reward -12.544 at episode 60000, saving model...
06-03 06:48:07: Reward -12.676 at episode 65000, saving model...
06-03 06:48:32: Reward 14.970 at episode 66816, saving model...
06-03 06:49:15: Reward -12.755 at episode 70000, saving model...
06-03 06:50:26: Reward 12.675 at episode 75000, saving model...
06-03 06:51:04: Reward 15.000 at episode 77887, saving model...
06-03 06:51:35: Reward -12.525 at episode 80000, saving model...
06-03 06:52:45: Reward -12.519 at episode 85000, saving model...
06-03 06:53:58: Reward 12.470 at episode 90000, saving model...
06-03 06:55:09: Reward -10.046 at episode 95000, saving model...
06-03 06:56:22: Reward 10.337 at episode 100000, saving model...
06-03 06:57:36: Reward 10.104 at episode 105000, saving model...
06-03 06:58:52: Reward 10.095 at episode 110000, saving model...
06-03 07:00:08: Reward -10.398 at episode 115000, saving model...
06-03 07:01:27: Reward -12.755 at episode 120000, saving model...
06-03 07:02:45: Reward -12.694 at episode 125000, saving model...
06-03 07:04:05: Reward 10.258 at episode 130000, saving model...
06-03 07:05:27: Reward 10.233 at episode 135000, saving model...
06-03 07:06:49: Reward -12.936 at episode 140000, saving model...
06-03 07:08:10: Reward -12.394 at episode 145000, saving model...
06-03 07:09:34: Reward 10.337 at episode 150000, saving model...
06-03 07:11:00: Reward -12.767 at episode 155000, saving model...
06-03 07:12:26: Reward 10.355 at episode 160000, saving model...
06-03 07:13:54: Reward -11.590 at episode 165000, saving model...
06-03 07:15:25: Reward 10.497 at episode 170000, saving model...
06-03 07:16:57: Reward 10.176 at episode 175000, saving model...
06-03 07:18:30: Reward -10.016 at episode 180000, saving model...
06-03 07:20:07: Reward 10.300 at episode 185000, saving model...
06-03 07:21:43: Reward 10.253 at episode 190000, saving model...
06-03 07:23:22: Reward 12.764 at episode 195000, saving model...
06-03 07:25:03: Reward -12.813 at episode 200000, saving model...
06-03 07:26:44: Reward 10.392 at episode 205000, saving model...
06-03 07:28:27: Reward -9.369 at episode 210000, saving model...
06-03 07:30:12: Reward 10.226 at episode 215000, saving model...
06-03 07:31:59: Reward 10.171 at episode 220000, saving model...
06-03 07:33:47: Reward -12.218 at episode 225000, saving model...
06-03 07:35:37: Reward 10.545 at episode 230000, saving model...
06-03 07:37:29: Reward 10.012 at episode 235000, saving model...
06-03 07:39:24: Reward -10.415 at episode 240000, saving model...
06-03 07:41:22: Reward -12.642 at episode 245000, saving model...
06-03 07:43:24: Reward -12.623 at episode 250000, saving model...
06-03 07:45:25: Reward 10.394 at episode 255000, saving model...
06-03 07:47:29: Reward -10.004 at episode 260000, saving model...
06-03 07:49:35: Reward -12.882 at episode 265000, saving model...
06-03 07:51:46: Reward -12.435 at episode 270000, saving model...
06-03 07:53:59: Reward 10.123 at episode 275000, saving model...
06-03 07:56:16: Reward 10.400 at episode 280000, saving model...
06-03 07:58:36: Reward -12.281 at episode 285000, saving model...
06-03 08:01:00: Reward -9.220 at episode 290000, saving model...
06-03 08:03:32: Reward -12.362 at episode 295000, saving model...
06-03 08:06:05: Reward -10.318 at episode 300000, saving model...
06-03 08:08:45: Reward 12.703 at episode 305000, saving model...
06-03 08:11:29: Reward -10.016 at episode 310000, saving model...
06-03 08:14:17: Reward -10.256 at episode 315000, saving model...
06-03 08:17:14: Reward -12.239 at episode 320000, saving model...
06-03 08:20:14: Reward 10.316 at episode 325000, saving model...
06-03 08:20:25: Reward 15.000 at episode 325283, saving model...
06-03 08:23:15: Reward -12.709 at episode 330000, saving model...
06-03 08:26:30: Reward 10.010 at episode 335000, saving model...

pokemon_battle:
  env_id: pokemon_battle_env
  replay_memory_size: 100000
  mini_batch_size: 32
  epsilon_init: 0.15
  epsilon_decay: 0.999995
  epsilon_min: 0.05
  network_sync_rate: 8000
  learning_rate_a: 0.0001
  discount_factor_g: 0.99
  stop_on_reward: 100000
  train_freq: 4
  enable_double_dqn: True