Logging hyperparameters...
env_id: pokemon_battle_env
replay_memory_size: 3000000
num_quant: 21
mini_batch_size: 32
network_sync_rate: 50
learning_rate_a: 0.0001
discount_factor_g: 0.85
train_freq: 4
steps: 1000000
epsilon_init: 1
epsilon_fraction: 0.2
epsilon_min: 0.01
randomize_enemy: False
log_freq: 20000
plot_freq: 40000
continue_training: False

06-20 14:57:34: Beginning new training session... 

Logged at 06-20 14:58:30
Step: 20000
Winrate: 0.58
Epsilon: 0.9011

Logged at 06-20 14:59:24
Step: 40000
Winrate: 0.59
Epsilon: 0.8021

Logged at 06-20 15:00:21
Step: 60000
Winrate: 0.59
Epsilon: 0.7031

Logged at 06-20 15:01:16
Step: 80000
Winrate: 0.59
Epsilon: 0.6041

Logged at 06-20 15:02:12
Step: 100000
Winrate: 0.61
Epsilon: 0.5051

Logged at 06-20 15:03:09
Step: 120000
Winrate: 0.62
Epsilon: 0.4061

Logged at 06-20 15:04:07
Step: 140000
Winrate: 0.64
Epsilon: 0.3071

Logged at 06-20 15:05:05
Step: 160000
Winrate: 0.65
Epsilon: 0.2081

Logged at 06-20 15:06:05
Step: 180000
Winrate: 0.67
Epsilon: 0.1091

Logged at 06-20 15:07:06
Step: 200000
Winrate: 0.69
Epsilon: 0.0101

Logged at 06-20 15:08:05
Step: 220000
Winrate: 0.70
Epsilon: 0.0100

Logged at 06-20 15:09:03
Step: 240000
Winrate: 0.71
Epsilon: 0.0100

Logged at 06-20 15:10:02
Step: 260000
Winrate: 0.72
Epsilon: 0.0100

Logged at 06-20 15:11:00
Step: 280000
Winrate: 0.73
Epsilon: 0.0100

Logged at 06-20 15:11:59
Step: 300000
Winrate: 0.74
Epsilon: 0.0100

Logged at 06-20 15:12:58
Step: 320000
Winrate: 0.75
Epsilon: 0.0100

Logged at 06-20 15:13:57
Step: 340000
Winrate: 0.75
Epsilon: 0.0100

Logged at 06-20 15:14:57
Step: 360000
Winrate: 0.76
Epsilon: 0.0100

Logged at 06-20 15:15:57
Step: 380000
Winrate: 0.76
Epsilon: 0.0100

Logged at 06-20 15:16:57
Step: 400000
Winrate: 0.77
Epsilon: 0.0100

Logged at 06-20 15:17:58
Step: 420000
Winrate: 0.77
Epsilon: 0.0100

Logged at 06-20 15:18:58
Step: 440000
Winrate: 0.77
Epsilon: 0.0100

Logged at 06-20 15:19:59
Step: 460000
Winrate: 0.78
Epsilon: 0.0100

Logged at 06-20 15:21:00
Step: 480000
Winrate: 0.78
Epsilon: 0.0100

Logged at 06-20 15:21:59
Step: 500000
Winrate: 0.78
Epsilon: 0.0100

Logged at 06-20 15:23:00
Step: 520000
Winrate: 0.79
Epsilon: 0.0100

Logged at 06-20 15:24:01
Step: 540000
Winrate: 0.79
Epsilon: 0.0100

Logged at 06-20 15:25:03
Step: 560000
Winrate: 0.79
Epsilon: 0.0100

Logged at 06-20 15:26:04
Step: 580000
Winrate: 0.79
Epsilon: 0.0100

Logged at 06-20 15:27:05
Step: 600000
Winrate: 0.79
Epsilon: 0.0100

Logged at 06-20 15:28:07
Step: 620000
Winrate: 0.80
Epsilon: 0.0100

Logged at 06-20 15:29:09
Step: 640000
Winrate: 0.80
Epsilon: 0.0100

Logged at 06-20 15:30:10
Step: 660000
Winrate: 0.80
Epsilon: 0.0100

Logged at 06-20 15:31:06
Step: 680000
Winrate: 0.80
Epsilon: 0.0100

Logged at 06-20 15:32:02
Step: 700000
Winrate: 0.80
Epsilon: 0.0100

Logged at 06-20 15:32:58
Step: 720000
Winrate: 0.80
Epsilon: 0.0100

Logged at 06-20 15:33:54
Step: 740000
Winrate: 0.80
Epsilon: 0.0100

Logged at 06-20 15:34:50
Step: 760000
Winrate: 0.80
Epsilon: 0.0100

Logged at 06-20 15:35:46
Step: 780000
Winrate: 0.80
Epsilon: 0.0100

Logged at 06-20 15:36:43
Step: 800000
Winrate: 0.80
Epsilon: 0.0100

Logged at 06-20 15:37:38
Step: 820000
Winrate: 0.80
Epsilon: 0.0100

Logged at 06-20 15:38:34
Step: 840000
Winrate: 0.80
Epsilon: 0.0100

Logged at 06-20 15:39:30
Step: 860000
Winrate: 0.80
Epsilon: 0.0100

Logged at 06-20 15:40:25
Step: 880000
Winrate: 0.80
Epsilon: 0.0100

Logged at 06-20 15:41:20
Step: 900000
Winrate: 0.80
Epsilon: 0.0100

Logged at 06-20 15:42:16
Step: 920000
Winrate: 0.80
Epsilon: 0.0100

Logged at 06-20 15:43:12
Step: 940000
Winrate: 0.80
Epsilon: 0.0100

Logged at 06-20 15:44:08
Step: 960000
Winrate: 0.80
Epsilon: 0.0100

Logged at 06-20 15:45:04
Step: 980000
Winrate: 0.80
Epsilon: 0.0100

